{"/home/travis/build/npmtest/node-npmtest-sql/test.js":{"path":"/home/travis/build/npmtest/node-npmtest-sql/test.js","s":{"1":2,"2":2,"3":2,"4":2,"5":2,"6":2,"7":2,"8":1,"9":2,"10":2,"11":1,"12":1,"13":1,"14":1,"15":2,"16":2,"17":2,"18":2,"19":1,"20":1,"21":2,"22":2,"23":2,"24":1,"25":1,"26":1,"27":1,"28":1,"29":1,"30":1,"31":1,"32":1,"33":1,"34":1,"35":1,"36":1,"37":1,"38":1,"39":2,"40":2,"41":1,"42":2,"43":2,"44":1,"45":2,"46":2,"47":1,"48":2,"49":2,"50":1,"51":1,"52":1,"53":1,"54":1},"b":{"1":[2,1,1,1],"2":[1,1,1,1],"3":[1,1],"4":[1,1],"5":[1,1],"6":[1,1],"7":[1,1],"8":[1,1],"9":[1,1],"10":[1,1,1],"11":[1,1],"12":[1,1],"13":[1,1],"14":[1,1],"15":[1,1],"16":[1,1],"17":[1,1]},"f":{"1":2,"2":2,"3":2,"4":2,"5":2,"6":1,"7":1,"8":1,"9":2,"10":2,"11":2,"12":2,"13":1},"fnMap":{"1":{"name":"(anonymous_1)","line":12,"loc":{"start":{"line":12,"column":1},"end":{"line":12,"column":13}}},"2":{"name":"(anonymous_2)","line":19,"loc":{"start":{"line":19,"column":5},"end":{"line":19,"column":17}}},"3":{"name":"(anonymous_3)","line":23,"loc":{"start":{"line":23,"column":24},"end":{"line":23,"column":36}}},"4":{"name":"(anonymous_4)","line":61,"loc":{"start":{"line":61,"column":5},"end":{"line":61,"column":17}}},"5":{"name":"(anonymous_5)","line":82,"loc":{"start":{"line":82,"column":5},"end":{"line":82,"column":17}}},"6":{"name":"(anonymous_6)","line":91,"loc":{"start":{"line":91,"column":77},"end":{"line":94,"column":10}}},"7":{"name":"(anonymous_7)","line":112,"loc":{"start":{"line":112,"column":83},"end":{"line":115,"column":10}},"skip":true},"8":{"name":"(anonymous_8)","line":123,"loc":{"start":{"line":123,"column":77},"end":{"line":126,"column":10}},"skip":true},"9":{"name":"(anonymous_9)","line":139,"loc":{"start":{"line":139,"column":12},"end":{"line":139,"column":40}},"skip":true},"10":{"name":"(anonymous_10)","line":147,"loc":{"start":{"line":147,"column":77},"end":{"line":150,"column":10}},"skip":true},"11":{"name":"(anonymous_11)","line":158,"loc":{"start":{"line":158,"column":83},"end":{"line":161,"column":10}},"skip":true},"12":{"name":"(anonymous_12)","line":169,"loc":{"start":{"line":169,"column":79},"end":{"line":172,"column":10}},"skip":true},"13":{"name":"(anonymous_13)","line":180,"loc":{"start":{"line":180,"column":75},"end":{"line":183,"column":10}},"skip":true}},"statementMap":{"1":{"start":{"line":12,"column":0},"end":{"line":195,"column":5}},"2":{"start":{"line":14,"column":4},"end":{"line":14,"column":14}},"3":{"start":{"line":19,"column":4},"end":{"line":56,"column":9}},"4":{"start":{"line":21,"column":8},"end":{"line":21,"column":19}},"5":{"start":{"line":23,"column":8},"end":{"line":35,"column":13}},"6":{"start":{"line":24,"column":12},"end":{"line":34,"column":13}},"7":{"start":{"line":25,"column":16},"end":{"line":28,"column":30}},"8":{"start":{"line":30,"column":16},"end":{"line":33,"column":27}},"9":{"start":{"line":37,"column":8},"end":{"line":39,"column":21}},"10":{"start":{"line":40,"column":8},"end":{"line":53,"column":9}},"11":{"start":{"line":43,"column":12},"end":{"line":46,"column":14}},"12":{"start":{"line":47,"column":12},"end":{"line":47,"column":18}},"13":{"start":{"line":50,"column":12},"end":{"line":51,"column":46}},"14":{"start":{"line":52,"column":12},"end":{"line":52,"column":18}},"15":{"start":{"line":55,"column":8},"end":{"line":55,"column":35}},"16":{"start":{"line":61,"column":4},"end":{"line":63,"column":9}},"17":{"start":{"line":62,"column":8},"end":{"line":62,"column":15}},"18":{"start":{"line":64,"column":4},"end":{"line":77,"column":5}},"19":{"start":{"line":70,"column":8},"end":{"line":70,"column":14}},"20":{"start":{"line":76,"column":8},"end":{"line":76,"column":14}},"21":{"start":{"line":82,"column":4},"end":{"line":84,"column":9}},"22":{"start":{"line":83,"column":8},"end":{"line":83,"column":15}},"23":{"start":{"line":85,"column":4},"end":{"line":194,"column":5}},"24":{"start":{"line":91,"column":8},"end":{"line":99,"column":10}},"25":{"start":{"line":98,"column":12},"end":{"line":98,"column":35}},"26":{"start":{"line":102,"column":8},"end":{"line":104,"column":63}},"27":{"start":{"line":105,"column":8},"end":{"line":105,"column":14}},"28":{"start":{"line":112,"column":8},"end":{"line":121,"column":10},"skip":true},"29":{"start":{"line":119,"column":12},"end":{"line":119,"column":55},"skip":true},"30":{"start":{"line":120,"column":12},"end":{"line":120,"column":48},"skip":true},"31":{"start":{"line":123,"column":8},"end":{"line":136,"column":10},"skip":true},"32":{"start":{"line":130,"column":12},"end":{"line":130,"column":76},"skip":true},"33":{"start":{"line":131,"column":12},"end":{"line":131,"column":73},"skip":true},"34":{"start":{"line":132,"column":12},"end":{"line":132,"column":74},"skip":true},"35":{"start":{"line":133,"column":12},"end":{"line":133,"column":79},"skip":true},"36":{"start":{"line":134,"column":12},"end":{"line":134,"column":25},"skip":true},"37":{"start":{"line":135,"column":12},"end":{"line":135,"column":45},"skip":true},"38":{"start":{"line":138,"column":8},"end":{"line":145,"column":14},"skip":true},"39":{"start":{"line":143,"column":16},"end":{"line":143,"column":29},"skip":true},"40":{"start":{"line":144,"column":16},"end":{"line":144,"column":55},"skip":true},"41":{"start":{"line":147,"column":8},"end":{"line":156,"column":10},"skip":true},"42":{"start":{"line":154,"column":12},"end":{"line":154,"column":25},"skip":true},"43":{"start":{"line":155,"column":12},"end":{"line":155,"column":45},"skip":true},"44":{"start":{"line":158,"column":8},"end":{"line":167,"column":10},"skip":true},"45":{"start":{"line":165,"column":12},"end":{"line":165,"column":25},"skip":true},"46":{"start":{"line":166,"column":12},"end":{"line":166,"column":48},"skip":true},"47":{"start":{"line":169,"column":8},"end":{"line":178,"column":10},"skip":true},"48":{"start":{"line":176,"column":12},"end":{"line":176,"column":25},"skip":true},"49":{"start":{"line":177,"column":12},"end":{"line":177,"column":46},"skip":true},"50":{"start":{"line":180,"column":8},"end":{"line":189,"column":10},"skip":true},"51":{"start":{"line":187,"column":12},"end":{"line":187,"column":94},"skip":true},"52":{"start":{"line":188,"column":12},"end":{"line":188,"column":48},"skip":true},"53":{"start":{"line":192,"column":8},"end":{"line":192,"column":35},"skip":true},"54":{"start":{"line":193,"column":8},"end":{"line":193,"column":14},"skip":true}},"branchMap":{"1":{"line":25,"type":"binary-expr","locations":[{"start":{"line":25,"column":23},"end":{"line":25,"column":62}},{"start":{"line":26,"column":20},"end":{"line":26,"column":70}},{"start":{"line":27,"column":20},"end":{"line":27,"column":71}},{"start":{"line":28,"column":20},"end":{"line":28,"column":29}}]},"2":{"line":30,"type":"binary-expr","locations":[{"start":{"line":30,"column":23},"end":{"line":30,"column":37}},{"start":{"line":31,"column":20},"end":{"line":31,"column":61}},{"start":{"line":32,"column":20},"end":{"line":32,"column":70}},{"start":{"line":33,"column":20},"end":{"line":33,"column":26}}]},"3":{"line":37,"type":"cond-expr","locations":[{"start":{"line":38,"column":14},"end":{"line":38,"column":20}},{"start":{"line":39,"column":14},"end":{"line":39,"column":20}}]},"4":{"line":40,"type":"switch","locations":[{"start":{"line":42,"column":8},"end":{"line":47,"column":18}},{"start":{"line":49,"column":8},"end":{"line":52,"column":18}}]},"5":{"line":44,"type":"binary-expr","locations":[{"start":{"line":44,"column":16},"end":{"line":44,"column":44}},{"start":{"line":44,"column":48},"end":{"line":44,"column":66}}]},"6":{"line":50,"type":"binary-expr","locations":[{"start":{"line":50,"column":21},"end":{"line":50,"column":49}},{"start":{"line":50,"column":53},"end":{"line":50,"column":72}}]},"7":{"line":64,"type":"switch","locations":[{"start":{"line":69,"column":4},"end":{"line":70,"column":14}},{"start":{"line":75,"column":4},"end":{"line":76,"column":14}}]},"8":{"line":85,"type":"switch","locations":[{"start":{"line":90,"column":4},"end":{"line":105,"column":14}},{"start":{"line":111,"column":4},"end":{"line":193,"column":14},"skip":true}]},"9":{"line":91,"type":"binary-expr","locations":[{"start":{"line":91,"column":42},"end":{"line":91,"column":73}},{"start":{"line":91,"column":77},"end":{"line":99,"column":9}}]},"10":{"line":102,"type":"binary-expr","locations":[{"start":{"line":102,"column":18},"end":{"line":102,"column":32}},{"start":{"line":103,"column":12},"end":{"line":103,"column":53}},{"start":{"line":104,"column":12},"end":{"line":104,"column":61}}]},"11":{"line":112,"type":"binary-expr","locations":[{"start":{"line":112,"column":45},"end":{"line":112,"column":79},"skip":true},{"start":{"line":112,"column":83},"end":{"line":121,"column":9},"skip":true}]},"12":{"line":123,"type":"binary-expr","locations":[{"start":{"line":123,"column":42},"end":{"line":123,"column":73},"skip":true},{"start":{"line":123,"column":77},"end":{"line":136,"column":9},"skip":true}]},"13":{"line":138,"type":"binary-expr","locations":[{"start":{"line":138,"column":48},"end":{"line":138,"column":85},"skip":true},{"start":{"line":139,"column":12},"end":{"line":145,"column":13},"skip":true}]},"14":{"line":147,"type":"binary-expr","locations":[{"start":{"line":147,"column":42},"end":{"line":147,"column":73},"skip":true},{"start":{"line":147,"column":77},"end":{"line":156,"column":9},"skip":true}]},"15":{"line":158,"type":"binary-expr","locations":[{"start":{"line":158,"column":45},"end":{"line":158,"column":79},"skip":true},{"start":{"line":158,"column":83},"end":{"line":167,"column":9},"skip":true}]},"16":{"line":169,"type":"binary-expr","locations":[{"start":{"line":169,"column":43},"end":{"line":169,"column":75},"skip":true},{"start":{"line":169,"column":79},"end":{"line":178,"column":9},"skip":true}]},"17":{"line":180,"type":"binary-expr","locations":[{"start":{"line":180,"column":41},"end":{"line":180,"column":71},"skip":true},{"start":{"line":180,"column":75},"end":{"line":189,"column":9},"skip":true}]}},"code":["/* istanbul instrument in package npmtest_sql */","/*jslint","    bitwise: true,","    browser: true,","    maxerr: 8,","    maxlen: 96,","    node: true,","    nomen: true,","    regexp: true,","    stupid: true","*/","(function () {","    'use strict';","    var local;","","","","    // run shared js-env code - pre-init","    (function () {","        // init local","        local = {};","        // init modeJs","        local.modeJs = (function () {","            try {","                return typeof navigator.userAgent === 'string' &&","                    typeof document.querySelector('body') === 'object' &&","                    typeof XMLHttpRequest.prototype.open === 'function' &&","                    'browser';","            } catch (errorCaughtBrowser) {","                return module.exports &&","                    typeof process.versions.node === 'string' &&","                    typeof require('http').createServer === 'function' &&","                    'node';","            }","        }());","        // init global","        local.global = local.modeJs === 'browser'","            ? window","            : global;","        switch (local.modeJs) {","        // re-init local from window.local","        case 'browser':","            local = local.global.utility2.objectSetDefault(","                local.global.utility2_rollup || local.global.local,","                local.global.utility2","            );","            break;","        // re-init local from example.js","        case 'node':","            local = (local.global.utility2_rollup || require('utility2'))","                .requireExampleJsFromReadme();","            break;","        }","        // export local","        local.global.local = local;","    }());","","","","    // run shared js-env code - function","    (function () {","        return;","    }());","    switch (local.modeJs) {","","","","    // run browser js-env code - function","    case 'browser':","        break;","","","","    // run node js-env code - function","    case 'node':","        break;","    }","","","","    // run shared js-env code - post-init","    (function () {","        return;","    }());","    switch (local.modeJs) {","","","","    // run browser js-env code - post-init","    case 'browser':","        local.testCase_browser_nullCase = local.testCase_browser_nullCase || function (","            options,","            onError","        ) {","        /*","         * this function will test browsers's null-case handling-behavior-behavior","         */","            onError(null, options);","        };","","        // run tests","        local.nop(local.modeTest &&","            document.querySelector('#testRunButton1') &&","            document.querySelector('#testRunButton1').click());","        break;","","","","    // run node js-env code - post-init","    /* istanbul ignore next */","    case 'node':","        local.testCase_buildApidoc_default = local.testCase_buildApidoc_default || function (","            options,","            onError","        ) {","        /*","         * this function will test buildApidoc's default handling-behavior-behavior","         */","            options = { modulePathList: module.paths };","            local.buildApidoc(options, onError);","        };","","        local.testCase_buildApp_default = local.testCase_buildApp_default || function (","            options,","            onError","        ) {","        /*","         * this function will test buildApp's default handling-behavior-behavior","         */","            local.testCase_buildReadme_default(options, local.onErrorThrow);","            local.testCase_buildLib_default(options, local.onErrorThrow);","            local.testCase_buildTest_default(options, local.onErrorThrow);","            local.testCase_buildCustomOrg_default(options, local.onErrorThrow);","            options = [];","            local.buildApp(options, onError);","        };","","        local.testCase_buildCustomOrg_default = local.testCase_buildCustomOrg_default ||","            function (options, onError) {","            /*","             * this function will test buildCustomOrg's default handling-behavior","             */","                options = {};","                local.buildCustomOrg(options, onError);","            };","","        local.testCase_buildLib_default = local.testCase_buildLib_default || function (","            options,","            onError","        ) {","        /*","         * this function will test buildLib's default handling-behavior","         */","            options = {};","            local.buildLib(options, onError);","        };","","        local.testCase_buildReadme_default = local.testCase_buildReadme_default || function (","            options,","            onError","        ) {","        /*","         * this function will test buildReadme's default handling-behavior-behavior","         */","            options = {};","            local.buildReadme(options, onError);","        };","","        local.testCase_buildTest_default = local.testCase_buildTest_default || function (","            options,","            onError","        ) {","        /*","         * this function will test buildTest's default handling-behavior","         */","            options = {};","            local.buildTest(options, onError);","        };","","        local.testCase_webpage_default = local.testCase_webpage_default || function (","            options,","            onError","        ) {","        /*","         * this function will test webpage's default handling-behavior","         */","            options = { modeCoverageMerge: true, url: local.serverLocalHost + '?modeTest=1' };","            local.browserTest(options, onError);","        };","","        // run test-server","        local.testRunServer(local);","        break;","    }","}());",""],"l":{"12":2,"14":2,"19":2,"21":2,"23":2,"24":2,"25":2,"30":1,"37":2,"40":2,"43":1,"47":1,"50":1,"52":1,"55":2,"61":2,"62":2,"64":2,"70":1,"76":1,"82":2,"83":2,"85":2,"91":1,"98":1,"102":1,"105":1,"112":1,"119":1,"120":1,"123":1,"130":1,"131":1,"132":1,"133":1,"134":1,"135":1,"138":1,"143":2,"144":2,"147":1,"154":2,"155":2,"158":1,"165":2,"166":2,"169":1,"176":2,"177":2,"180":1,"187":1,"188":1,"192":1,"193":1}},"/home/travis/build/npmtest/node-npmtest-sql/lib.npmtest_sql.js":{"path":"/home/travis/build/npmtest/node-npmtest-sql/lib.npmtest_sql.js","s":{"1":2,"2":2,"3":2,"4":2,"5":2,"6":2,"7":2,"8":1,"9":2,"10":2,"11":2,"12":2,"13":1,"14":1,"15":1,"16":1},"b":{"1":[2,1,1,1],"2":[1,1,1,1],"3":[1,1],"4":[2,2],"5":[1,1]},"f":{"1":2,"2":2,"3":2},"fnMap":{"1":{"name":"(anonymous_1)","line":12,"loc":{"start":{"line":12,"column":1},"end":{"line":12,"column":13}}},"2":{"name":"(anonymous_2)","line":19,"loc":{"start":{"line":19,"column":5},"end":{"line":19,"column":17}}},"3":{"name":"(anonymous_3)","line":23,"loc":{"start":{"line":23,"column":24},"end":{"line":23,"column":36}}}},"statementMap":{"1":{"start":{"line":12,"column":0},"end":{"line":53,"column":5}},"2":{"start":{"line":14,"column":4},"end":{"line":14,"column":14}},"3":{"start":{"line":19,"column":4},"end":{"line":52,"column":9}},"4":{"start":{"line":21,"column":8},"end":{"line":21,"column":19}},"5":{"start":{"line":23,"column":8},"end":{"line":35,"column":13}},"6":{"start":{"line":24,"column":12},"end":{"line":34,"column":13}},"7":{"start":{"line":25,"column":16},"end":{"line":28,"column":30}},"8":{"start":{"line":30,"column":16},"end":{"line":33,"column":27}},"9":{"start":{"line":37,"column":8},"end":{"line":39,"column":21}},"10":{"start":{"line":41,"column":8},"end":{"line":41,"column":54}},"11":{"start":{"line":43,"column":8},"end":{"line":43,"column":48}},"12":{"start":{"line":45,"column":8},"end":{"line":51,"column":9}},"13":{"start":{"line":46,"column":12},"end":{"line":46,"column":54}},"14":{"start":{"line":48,"column":12},"end":{"line":48,"column":35}},"15":{"start":{"line":49,"column":12},"end":{"line":49,"column":49}},"16":{"start":{"line":50,"column":12},"end":{"line":50,"column":43}}},"branchMap":{"1":{"line":25,"type":"binary-expr","locations":[{"start":{"line":25,"column":23},"end":{"line":25,"column":62}},{"start":{"line":26,"column":20},"end":{"line":26,"column":70}},{"start":{"line":27,"column":20},"end":{"line":27,"column":71}},{"start":{"line":28,"column":20},"end":{"line":28,"column":29}}]},"2":{"line":30,"type":"binary-expr","locations":[{"start":{"line":30,"column":23},"end":{"line":30,"column":37}},{"start":{"line":31,"column":20},"end":{"line":31,"column":61}},{"start":{"line":32,"column":20},"end":{"line":32,"column":70}},{"start":{"line":33,"column":20},"end":{"line":33,"column":26}}]},"3":{"line":37,"type":"cond-expr","locations":[{"start":{"line":38,"column":14},"end":{"line":38,"column":20}},{"start":{"line":39,"column":14},"end":{"line":39,"column":20}}]},"4":{"line":41,"type":"binary-expr","locations":[{"start":{"line":41,"column":16},"end":{"line":41,"column":44}},{"start":{"line":41,"column":48},"end":{"line":41,"column":53}}]},"5":{"line":45,"type":"if","locations":[{"start":{"line":45,"column":8},"end":{"line":45,"column":8}},{"start":{"line":45,"column":8},"end":{"line":45,"column":8}}]}},"code":["/* istanbul instrument in package npmtest_sql */","/*jslint","    bitwise: true,","    browser: true,","    maxerr: 8,","    maxlen: 96,","    node: true,","    nomen: true,","    regexp: true,","    stupid: true","*/","(function () {","    'use strict';","    var local;","","","","    // run shared js-env code - pre-init","    (function () {","        // init local","        local = {};","        // init modeJs","        local.modeJs = (function () {","            try {","                return typeof navigator.userAgent === 'string' &&","                    typeof document.querySelector('body') === 'object' &&","                    typeof XMLHttpRequest.prototype.open === 'function' &&","                    'browser';","            } catch (errorCaughtBrowser) {","                return module.exports &&","                    typeof process.versions.node === 'string' &&","                    typeof require('http').createServer === 'function' &&","                    'node';","            }","        }());","        // init global","        local.global = local.modeJs === 'browser'","            ? window","            : global;","        // init utility2_rollup","        local = local.global.utility2_rollup || local;","        // init lib","        local.local = local.npmtest_sql = local;","        // init exports","        if (local.modeJs === 'browser') {","            local.global.utility2_npmtest_sql = local;","        } else {","            module.exports = local;","            module.exports.__dirname = __dirname;","            module.exports.module = module;","        }","    }());","}());",""],"l":{"12":2,"14":2,"19":2,"21":2,"23":2,"24":2,"25":2,"30":1,"37":2,"41":2,"43":2,"45":2,"46":1,"48":1,"49":1,"50":1}},"/home/travis/build/npmtest/node-npmtest-sql/example.js":{"path":"/home/travis/build/npmtest/node-npmtest-sql/example.js","s":{"1":2,"2":2,"3":2,"4":2,"5":2,"6":2,"7":2,"8":1,"9":2,"10":2,"11":2,"12":2,"13":1,"14":2,"15":2,"16":2,"17":2,"18":2,"19":0,"20":2,"21":1,"22":1,"23":1,"24":1,"25":1,"26":0,"27":0,"28":1,"29":1,"30":2,"31":0,"32":0,"33":0,"34":1,"35":2,"36":2,"37":3,"38":3,"39":3,"40":3,"41":0,"42":3,"43":3,"44":3,"45":1,"46":3,"47":1,"48":1,"49":1,"50":1,"51":1,"52":1,"53":1,"54":1,"55":1,"56":1,"57":0,"58":1,"59":6,"60":6,"61":1,"62":2,"63":0,"64":2,"65":1,"66":1,"67":0,"68":0,"69":0,"70":0,"71":0,"72":0,"73":0,"74":0,"75":0,"76":0,"77":0,"78":0,"79":0,"80":0,"81":0,"82":0,"83":0},"b":{"1":[2,1,1,1],"2":[1,1,1,1],"3":[1,1],"4":[2,2],"5":[1,1],"6":[1,1],"7":[2,0],"8":[2,1,1,1,1,1],"9":[0,2,0],"10":[1,1],"11":[2,1,1],"12":[1,0],"13":[0,2],"14":[2,0,0,0,0,0,0],"15":[0,3],"16":[3,0],"17":[1,1],"18":[0,1],"19":[1,2,0,2],"20":[1,0],"21":[1,1],"22":[0,0],"23":[0,0],"24":[0,0],"25":[0,0],"26":[0,0],"27":[0,0],"28":[0,0]},"f":{"1":2,"2":2,"3":2,"4":2,"5":2,"6":2,"7":3,"8":3,"9":3,"10":1,"11":6,"12":0},"fnMap":{"1":{"name":"(anonymous_1)","line":26,"loc":{"start":{"line":26,"column":1},"end":{"line":26,"column":13}}},"2":{"name":"(anonymous_2)","line":33,"loc":{"start":{"line":33,"column":5},"end":{"line":33,"column":17}}},"3":{"name":"(anonymous_3)","line":37,"loc":{"start":{"line":37,"column":24},"end":{"line":37,"column":36}}},"4":{"name":"(anonymous_4)","line":69,"loc":{"start":{"line":69,"column":31},"end":{"line":69,"column":48}},"skip":true},"5":{"name":"(anonymous_5)","line":78,"loc":{"start":{"line":78,"column":26},"end":{"line":78,"column":45}},"skip":true},"6":{"name":"(anonymous_6)","line":123,"loc":{"start":{"line":123,"column":33},"end":{"line":123,"column":48}},"skip":true},"7":{"name":"(anonymous_7)","line":125,"loc":{"start":{"line":125,"column":27},"end":{"line":125,"column":39}},"skip":true},"8":{"name":"(anonymous_8)","line":133,"loc":{"start":{"line":133,"column":59},"end":{"line":133,"column":74}},"skip":true},"9":{"name":"(anonymous_9)","line":143,"loc":{"start":{"line":143,"column":45},"end":{"line":143,"column":62}},"skip":true},"10":{"name":"(anonymous_10)","line":144,"loc":{"start":{"line":144,"column":73},"end":{"line":144,"column":92}},"skip":true},"11":{"name":"(anonymous_11)","line":272,"loc":{"start":{"line":272,"column":51},"end":{"line":272,"column":77}},"skip":true},"12":{"name":"(anonymous_12)","line":315,"loc":{"start":{"line":315,"column":32},"end":{"line":315,"column":61}},"skip":true}},"statementMap":{"1":{"start":{"line":26,"column":0},"end":{"line":326,"column":5}},"2":{"start":{"line":28,"column":4},"end":{"line":28,"column":14}},"3":{"start":{"line":33,"column":4},"end":{"line":60,"column":9}},"4":{"start":{"line":35,"column":8},"end":{"line":35,"column":19}},"5":{"start":{"line":37,"column":8},"end":{"line":49,"column":13}},"6":{"start":{"line":38,"column":12},"end":{"line":48,"column":13}},"7":{"start":{"line":39,"column":16},"end":{"line":42,"column":30}},"8":{"start":{"line":44,"column":16},"end":{"line":47,"column":27}},"9":{"start":{"line":51,"column":8},"end":{"line":53,"column":21}},"10":{"start":{"line":55,"column":8},"end":{"line":57,"column":45}},"11":{"start":{"line":59,"column":8},"end":{"line":59,"column":35}},"12":{"start":{"line":61,"column":4},"end":{"line":325,"column":5}},"13":{"start":{"line":69,"column":8},"end":{"line":121,"column":10},"skip":true},"14":{"start":{"line":70,"column":12},"end":{"line":88,"column":13},"skip":true},"15":{"start":{"line":76,"column":16},"end":{"line":87,"column":19},"skip":true},"16":{"start":{"line":79,"column":20},"end":{"line":86,"column":21},"skip":true},"17":{"start":{"line":82,"column":24},"end":{"line":82,"column":43},"skip":true},"18":{"start":{"line":83,"column":24},"end":{"line":83,"column":30},"skip":true},"19":{"start":{"line":85,"column":24},"end":{"line":85,"column":49},"skip":true},"20":{"start":{"line":89,"column":12},"end":{"line":107,"column":13},"skip":true},"21":{"start":{"line":92,"column":16},"end":{"line":102,"column":17},"skip":true},"22":{"start":{"line":93,"column":20},"end":{"line":93,"column":86},"skip":true},"23":{"start":{"line":94,"column":20},"end":{"line":95,"column":45},"skip":true},"24":{"start":{"line":96,"column":20},"end":{"line":96,"column":42},"skip":true},"25":{"start":{"line":97,"column":20},"end":{"line":97,"column":48},"skip":true},"26":{"start":{"line":100,"column":20},"end":{"line":100,"column":85},"skip":true},"27":{"start":{"line":101,"column":20},"end":{"line":101,"column":96},"skip":true},"28":{"start":{"line":103,"column":16},"end":{"line":103,"column":22},"skip":true},"29":{"start":{"line":106,"column":16},"end":{"line":106,"column":22},"skip":true},"30":{"start":{"line":108,"column":12},"end":{"line":120,"column":13},"skip":true},"31":{"start":{"line":114,"column":16},"end":{"line":119,"column":17},"skip":true},"32":{"start":{"line":116,"column":20},"end":{"line":116,"column":78},"skip":true},"33":{"start":{"line":118,"column":20},"end":{"line":118,"column":47},"skip":true},"34":{"start":{"line":123,"column":8},"end":{"line":141,"column":11},"skip":true},"35":{"start":{"line":124,"column":12},"end":{"line":124,"column":54},"skip":true},"36":{"start":{"line":125,"column":12},"end":{"line":140,"column":14},"skip":true},"37":{"start":{"line":126,"column":16},"end":{"line":126,"column":28},"skip":true},"38":{"start":{"line":127,"column":16},"end":{"line":127,"column":69},"skip":true},"39":{"start":{"line":128,"column":16},"end":{"line":128,"column":75},"skip":true},"40":{"start":{"line":129,"column":16},"end":{"line":131,"column":17},"skip":true},"41":{"start":{"line":130,"column":20},"end":{"line":130,"column":27},"skip":true},"42":{"start":{"line":133,"column":16},"end":{"line":137,"column":36},"skip":true},"43":{"start":{"line":134,"column":20},"end":{"line":136,"column":55},"skip":true},"44":{"start":{"line":139,"column":16},"end":{"line":139,"column":57},"skip":true},"45":{"start":{"line":143,"column":8},"end":{"line":147,"column":11},"skip":true},"46":{"start":{"line":144,"column":12},"end":{"line":146,"column":15},"skip":true},"47":{"start":{"line":145,"column":16},"end":{"line":145,"column":70},"skip":true},"48":{"start":{"line":149,"column":8},"end":{"line":149,"column":31},"skip":true},"49":{"start":{"line":150,"column":8},"end":{"line":150,"column":14},"skip":true},"50":{"start":{"line":158,"column":8},"end":{"line":158,"column":31},"skip":true},"51":{"start":{"line":160,"column":8},"end":{"line":160,"column":33},"skip":true},"52":{"start":{"line":161,"column":8},"end":{"line":161,"column":37},"skip":true},"53":{"start":{"line":162,"column":8},"end":{"line":162,"column":35},"skip":true},"54":{"start":{"line":164,"column":8},"end":{"line":164,"column":50},"skip":true},"55":{"start":{"line":166,"column":8},"end":{"line":256,"column":2},"skip":true},"56":{"start":{"line":258,"column":8},"end":{"line":286,"column":9},"skip":true},"57":{"start":{"line":259,"column":12},"end":{"line":269,"column":14},"skip":true},"58":{"start":{"line":271,"column":12},"end":{"line":285,"column":19},"skip":true},"59":{"start":{"line":274,"column":20},"end":{"line":274,"column":35},"skip":true},"60":{"start":{"line":275,"column":20},"end":{"line":284,"column":21},"skip":true},"61":{"start":{"line":277,"column":24},"end":{"line":277,"column":64},"skip":true},"62":{"start":{"line":279,"column":24},"end":{"line":279,"column":40},"skip":true},"63":{"start":{"line":281,"column":24},"end":{"line":281,"column":40},"skip":true},"64":{"start":{"line":283,"column":24},"end":{"line":283,"column":39},"skip":true},"65":{"start":{"line":288,"column":8},"end":{"line":290,"column":9},"skip":true},"66":{"start":{"line":289,"column":12},"end":{"line":289,"column":18},"skip":true},"67":{"start":{"line":291,"column":8},"end":{"line":293,"column":54},"skip":true},"68":{"start":{"line":296,"column":8},"end":{"line":301,"column":37},"skip":true},"69":{"start":{"line":303,"column":8},"end":{"line":303,"column":82},"skip":true},"70":{"start":{"line":306,"column":8},"end":{"line":308,"column":9},"skip":true},"71":{"start":{"line":307,"column":12},"end":{"line":307,"column":82},"skip":true},"72":{"start":{"line":310,"column":8},"end":{"line":312,"column":9},"skip":true},"73":{"start":{"line":311,"column":12},"end":{"line":311,"column":18},"skip":true},"74":{"start":{"line":313,"column":8},"end":{"line":313,"column":54},"skip":true},"75":{"start":{"line":314,"column":8},"end":{"line":314,"column":69},"skip":true},"76":{"start":{"line":315,"column":8},"end":{"line":323,"column":36},"skip":true},"77":{"start":{"line":316,"column":12},"end":{"line":316,"column":61},"skip":true},"78":{"start":{"line":317,"column":12},"end":{"line":320,"column":13},"skip":true},"79":{"start":{"line":318,"column":16},"end":{"line":318,"column":75},"skip":true},"80":{"start":{"line":319,"column":16},"end":{"line":319,"column":23},"skip":true},"81":{"start":{"line":321,"column":12},"end":{"line":321,"column":38},"skip":true},"82":{"start":{"line":322,"column":12},"end":{"line":322,"column":27},"skip":true},"83":{"start":{"line":324,"column":8},"end":{"line":324,"column":14},"skip":true}},"branchMap":{"1":{"line":39,"type":"binary-expr","locations":[{"start":{"line":39,"column":23},"end":{"line":39,"column":62}},{"start":{"line":40,"column":20},"end":{"line":40,"column":70}},{"start":{"line":41,"column":20},"end":{"line":41,"column":71}},{"start":{"line":42,"column":20},"end":{"line":42,"column":29}}]},"2":{"line":44,"type":"binary-expr","locations":[{"start":{"line":44,"column":23},"end":{"line":44,"column":37}},{"start":{"line":45,"column":20},"end":{"line":45,"column":61}},{"start":{"line":46,"column":20},"end":{"line":46,"column":70}},{"start":{"line":47,"column":20},"end":{"line":47,"column":26}}]},"3":{"line":51,"type":"cond-expr","locations":[{"start":{"line":52,"column":14},"end":{"line":52,"column":20}},{"start":{"line":53,"column":14},"end":{"line":53,"column":20}}]},"4":{"line":55,"type":"binary-expr","locations":[{"start":{"line":55,"column":16},"end":{"line":55,"column":44}},{"start":{"line":55,"column":49},"end":{"line":57,"column":43}}]},"5":{"line":55,"type":"cond-expr","locations":[{"start":{"line":56,"column":14},"end":{"line":56,"column":47}},{"start":{"line":57,"column":14},"end":{"line":57,"column":43}}]},"6":{"line":61,"type":"switch","locations":[{"start":{"line":68,"column":4},"end":{"line":150,"column":14},"skip":true},{"start":{"line":156,"column":4},"end":{"line":324,"column":14},"skip":true}]},"7":{"line":70,"type":"if","locations":[{"start":{"line":70,"column":12},"end":{"line":70,"column":12},"skip":true},{"start":{"line":70,"column":12},"end":{"line":70,"column":12},"skip":true}]},"8":{"line":70,"type":"binary-expr","locations":[{"start":{"line":70,"column":16},"end":{"line":70,"column":22},"skip":true},{"start":{"line":70,"column":27},"end":{"line":70,"column":32},"skip":true},{"start":{"line":71,"column":20},"end":{"line":71,"column":39},"skip":true},{"start":{"line":72,"column":20},"end":{"line":72,"column":49},"skip":true},{"start":{"line":73,"column":20},"end":{"line":73,"column":58},"skip":true},{"start":{"line":74,"column":20},"end":{"line":74,"column":69},"skip":true}]},"9":{"line":79,"type":"switch","locations":[{"start":{"line":80,"column":20},"end":{"line":80,"column":33},"skip":true},{"start":{"line":81,"column":20},"end":{"line":83,"column":30},"skip":true},{"start":{"line":84,"column":20},"end":{"line":85,"column":49},"skip":true}]},"10":{"line":89,"type":"switch","locations":[{"start":{"line":90,"column":12},"end":{"line":103,"column":22},"skip":true},{"start":{"line":105,"column":12},"end":{"line":106,"column":22},"skip":true}]},"11":{"line":89,"type":"binary-expr","locations":[{"start":{"line":89,"column":20},"end":{"line":89,"column":25},"skip":true},{"start":{"line":89,"column":29},"end":{"line":89,"column":48},"skip":true},{"start":{"line":89,"column":52},"end":{"line":89,"column":74},"skip":true}]},"12":{"line":92,"type":"if","locations":[{"start":{"line":92,"column":16},"end":{"line":92,"column":16},"skip":true},{"start":{"line":92,"column":16},"end":{"line":92,"column":16},"skip":true}]},"13":{"line":108,"type":"if","locations":[{"start":{"line":108,"column":12},"end":{"line":108,"column":12},"skip":true},{"start":{"line":108,"column":12},"end":{"line":108,"column":12},"skip":true}]},"14":{"line":108,"type":"binary-expr","locations":[{"start":{"line":108,"column":16},"end":{"line":108,"column":61},"skip":true},{"start":{"line":108,"column":66},"end":{"line":108,"column":72},"skip":true},{"start":{"line":108,"column":77},"end":{"line":108,"column":82},"skip":true},{"start":{"line":109,"column":20},"end":{"line":109,"column":39},"skip":true},{"start":{"line":110,"column":20},"end":{"line":110,"column":49},"skip":true},{"start":{"line":111,"column":20},"end":{"line":111,"column":58},"skip":true},{"start":{"line":112,"column":20},"end":{"line":112,"column":68},"skip":true}]},"15":{"line":129,"type":"if","locations":[{"start":{"line":129,"column":16},"end":{"line":129,"column":16},"skip":true},{"start":{"line":129,"column":16},"end":{"line":129,"column":16},"skip":true}]},"16":{"line":134,"type":"cond-expr","locations":[{"start":{"line":135,"column":26},"end":{"line":135,"column":29},"skip":true},{"start":{"line":136,"column":26},"end":{"line":136,"column":54},"skip":true}]},"17":{"line":164,"type":"binary-expr","locations":[{"start":{"line":164,"column":27},"end":{"line":164,"column":43},"skip":true},{"start":{"line":164,"column":47},"end":{"line":164,"column":49},"skip":true}]},"18":{"line":258,"type":"if","locations":[{"start":{"line":258,"column":8},"end":{"line":258,"column":8},"skip":true},{"start":{"line":258,"column":8},"end":{"line":258,"column":8},"skip":true}]},"19":{"line":275,"type":"switch","locations":[{"start":{"line":276,"column":20},"end":{"line":277,"column":64},"skip":true},{"start":{"line":278,"column":20},"end":{"line":279,"column":40},"skip":true},{"start":{"line":280,"column":20},"end":{"line":281,"column":40},"skip":true},{"start":{"line":282,"column":20},"end":{"line":283,"column":39},"skip":true}]},"20":{"line":288,"type":"if","locations":[{"start":{"line":288,"column":8},"end":{"line":288,"column":8},"skip":true},{"start":{"line":288,"column":8},"end":{"line":288,"column":8},"skip":true}]},"21":{"line":288,"type":"binary-expr","locations":[{"start":{"line":288,"column":12},"end":{"line":288,"column":40},"skip":true},{"start":{"line":288,"column":44},"end":{"line":288,"column":67},"skip":true}]},"22":{"line":292,"type":"binary-expr","locations":[{"start":{"line":292,"column":12},"end":{"line":292,"column":50},"skip":true},{"start":{"line":293,"column":12},"end":{"line":293,"column":53},"skip":true}]},"23":{"line":297,"type":"binary-expr","locations":[{"start":{"line":297,"column":12},"end":{"line":297,"column":61},"skip":true},{"start":{"line":298,"column":12},"end":{"line":301,"column":36},"skip":true}]},"24":{"line":303,"type":"binary-expr","locations":[{"start":{"line":303,"column":43},"end":{"line":303,"column":75},"skip":true},{"start":{"line":303,"column":79},"end":{"line":303,"column":81},"skip":true}]},"25":{"line":306,"type":"if","locations":[{"start":{"line":306,"column":8},"end":{"line":306,"column":8},"skip":true},{"start":{"line":306,"column":8},"end":{"line":306,"column":8},"skip":true}]},"26":{"line":310,"type":"if","locations":[{"start":{"line":310,"column":8},"end":{"line":310,"column":8},"skip":true},{"start":{"line":310,"column":8},"end":{"line":310,"column":8},"skip":true}]},"27":{"line":313,"type":"binary-expr","locations":[{"start":{"line":313,"column":27},"end":{"line":313,"column":43},"skip":true},{"start":{"line":313,"column":47},"end":{"line":313,"column":53},"skip":true}]},"28":{"line":317,"type":"if","locations":[{"start":{"line":317,"column":12},"end":{"line":317,"column":12},"skip":true},{"start":{"line":317,"column":12},"end":{"line":317,"column":12},"skip":true}]}},"code":["/*","example.js","","quickstart example","","instruction","    1. save this script as example.js","    2. run the shell command:","        $ npm install npmtest-sql && PORT=8081 node example.js","    3. play with the browser-demo on http://127.0.0.1:8081","*/","","","","/* istanbul instrument in package npmtest_sql */","/*jslint","    bitwise: true,","    browser: true,","    maxerr: 8,","    maxlen: 96,","    node: true,","    nomen: true,","    regexp: true,","    stupid: true","*/","(function () {","    'use strict';","    var local;","","","","    // run shared js-env code - pre-init","    (function () {","        // init local","        local = {};","        // init modeJs","        local.modeJs = (function () {","            try {","                return typeof navigator.userAgent === 'string' &&","                    typeof document.querySelector('body') === 'object' &&","                    typeof XMLHttpRequest.prototype.open === 'function' &&","                    'browser';","            } catch (errorCaughtBrowser) {","                return module.exports &&","                    typeof process.versions.node === 'string' &&","                    typeof require('http').createServer === 'function' &&","                    'node';","            }","        }());","        // init global","        local.global = local.modeJs === 'browser'","            ? window","            : global;","        // init utility2_rollup","        local = local.global.utility2_rollup || (local.modeJs === 'browser'","            ? local.global.utility2_npmtest_sql","            : global.utility2_moduleExports);","        // export local","        local.global.local = local;","    }());","    switch (local.modeJs) {","","","","    // post-init","    // run browser js-env code - post-init","    /* istanbul ignore next */","    case 'browser':","        local.testRunBrowser = function (event) {","            if (!event || (event &&","                    event.currentTarget &&","                    event.currentTarget.className &&","                    event.currentTarget.className.includes &&","                    event.currentTarget.className.includes('onreset'))) {","                // reset output","                Array.from(","                    document.querySelectorAll('body > .resettable')","                ).forEach(function (element) {","                    switch (element.tagName) {","                    case 'INPUT':","                    case 'TEXTAREA':","                        element.value = '';","                        break;","                    default:","                        element.textContent = '';","                    }","                });","            }","            switch (event && event.currentTarget && event.currentTarget.id) {","            case 'testRunButton1':","                // show tests","                if (document.querySelector('#testReportDiv1').style.display === 'none') {","                    document.querySelector('#testReportDiv1').style.display = 'block';","                    document.querySelector('#testRunButton1').textContent =","                        'hide internal test';","                    local.modeTest = true;","                    local.testRunDefault(local);","                // hide tests","                } else {","                    document.querySelector('#testReportDiv1').style.display = 'none';","                    document.querySelector('#testRunButton1').textContent = 'run internal test';","                }","                break;","            // custom-case","            default:","                break;","            }","            if (document.querySelector('#inputTextareaEval1') && (!event || (event &&","                    event.currentTarget &&","                    event.currentTarget.className &&","                    event.currentTarget.className.includes &&","                    event.currentTarget.className.includes('oneval')))) {","                // try to eval input-code","                try {","                    /*jslint evil: true*/","                    eval(document.querySelector('#inputTextareaEval1').value);","                } catch (errorCaught) {","                    console.error(errorCaught);","                }","            }","        };","        // log stderr and stdout to #outputTextareaStdout1","        ['error', 'log'].forEach(function (key) {","            console[key + '_original'] = console[key];","            console[key] = function () {","                var element;","                console[key + '_original'].apply(console, arguments);","                element = document.querySelector('#outputTextareaStdout1');","                if (!element) {","                    return;","                }","                // append text to #outputTextareaStdout1","                element.value += Array.from(arguments).map(function (arg) {","                    return typeof arg === 'string'","                        ? arg","                        : JSON.stringify(arg, null, 4);","                }).join(' ') + '\\n';","                // scroll textarea to bottom","                element.scrollTop = element.scrollHeight;","            };","        });","        // init event-handling","        ['change', 'click', 'keyup'].forEach(function (event) {","            Array.from(document.querySelectorAll('.on' + event)).forEach(function (element) {","                element.addEventListener(event, local.testRunBrowser);","            });","        });","        // run tests","        local.testRunBrowser();","        break;","","","","    // run node js-env code - post-init","    /* istanbul ignore next */","    case 'node':","        // export local","        module.exports = local;","        // require modules","        local.fs = require('fs');","        local.http = require('http');","        local.url = require('url');","        // init assets","        local.assetsDict = local.assetsDict || {};","        /* jslint-ignore-begin */","        local.assetsDict['/assets.index.template.html'] = '\\","<!doctype html>\\n\\","<html lang=\"en\">\\n\\","<head>\\n\\","<meta charset=\"UTF-8\">\\n\\","<meta name=\"viewport\" content=\"width=device-width, initial-scale=1\">\\n\\","<title>{{env.npm_package_name}} (v{{env.npm_package_version}})</title>\\n\\","<style>\\n\\","/*csslint\\n\\","    box-sizing: false,\\n\\","    universal-selector: false\\n\\","*/\\n\\","* {\\n\\","    box-sizing: border-box;\\n\\","}\\n\\","body {\\n\\","    background: #dde;\\n\\","    font-family: Arial, Helvetica, sans-serif;\\n\\","    margin: 2rem;\\n\\","}\\n\\","body > * {\\n\\","    margin-bottom: 1rem;\\n\\","}\\n\\",".utility2FooterDiv {\\n\\","    margin-top: 20px;\\n\\","    text-align: center;\\n\\","}\\n\\","</style>\\n\\","<style>\\n\\","/*csslint\\n\\","*/\\n\\","textarea {\\n\\","    font-family: monospace;\\n\\","    height: 10rem;\\n\\","    width: 100%;\\n\\","}\\n\\","textarea[readonly] {\\n\\","    background: #ddd;\\n\\","}\\n\\","</style>\\n\\","</head>\\n\\","<body>\\n\\","<!-- utility2-comment\\n\\","<div id=\"ajaxProgressDiv1\" style=\"background: #d00; height: 2px; left: 0; margin: 0; padding: 0; position: fixed; top: 0; transition: background 0.5s, width 1.5s; width: 25%;\"></div>\\n\\","utility2-comment -->\\n\\","<h1>\\n\\","<!-- utility2-comment\\n\\","    <a\\n\\","        {{#if env.npm_package_homepage}}\\n\\","        href=\"{{env.npm_package_homepage}}\"\\n\\","        {{/if env.npm_package_homepage}}\\n\\","        target=\"_blank\"\\n\\","    >\\n\\","utility2-comment -->\\n\\","        {{env.npm_package_name}} (v{{env.npm_package_version}})\\n\\","<!-- utility2-comment\\n\\","    </a>\\n\\","utility2-comment -->\\n\\","</h1>\\n\\","<h3>{{env.npm_package_description}}</h3>\\n\\","<!-- utility2-comment\\n\\","<h4><a download href=\"assets.app.js\">download standalone app</a></h4>\\n\\","<button class=\"onclick onreset\" id=\"testRunButton1\">run internal test</button><br>\\n\\","<div id=\"testReportDiv1\" style=\"display: none;\"></div>\\n\\","utility2-comment -->\\n\\","\\n\\","\\n\\","\\n\\","<label>stderr and stdout</label>\\n\\","<textarea class=\"resettable\" id=\"outputTextareaStdout1\" readonly></textarea>\\n\\","<!-- utility2-comment\\n\\","{{#if isRollup}}\\n\\","<script src=\"assets.app.js\"></script>\\n\\","{{#unless isRollup}}\\n\\","utility2-comment -->\\n\\","<script src=\"assets.utility2.rollup.js\"></script>\\n\\","<script src=\"jsonp.utility2._stateInit?callback=window.utility2._stateInit\"></script>\\n\\","<script src=\"assets.npmtest_sql.rollup.js\"></script>\\n\\","<script src=\"assets.example.js\"></script>\\n\\","<script src=\"assets.test.js\"></script>\\n\\","<!-- utility2-comment\\n\\","{{/if isRollup}}\\n\\","utility2-comment -->\\n\\","<div class=\"utility2FooterDiv\">\\n\\","    [ this app was created with\\n\\","    <a href=\"https://github.com/kaizhu256/node-utility2\" target=\"_blank\">utility2</a>\\n\\","    ]\\n\\","</div>\\n\\","</body>\\n\\","</html>\\n\\","';","        /* jslint-ignore-end */","        if (local.templateRender) {","            local.assetsDict['/'] = local.templateRender(","                local.assetsDict['/assets.index.template.html'],","                {","                    env: local.objectSetDefault(local.env, {","                        npm_package_description: 'the greatest app in the world!',","                        npm_package_name: 'my-app',","                        npm_package_nameAlias: 'my_app',","                        npm_package_version: '0.0.1'","                    })","                }","            );","        } else {","            local.assetsDict['/'] = local.assetsDict['/assets.index.template.html']","                .replace((/\\{\\{env\\.(\\w+?)\\}\\}/g), function (match0, match1) {","                    // jslint-hack","                    String(match0);","                    switch (match1) {","                    case 'npm_package_description':","                        return 'the greatest app in the world!';","                    case 'npm_package_name':","                        return 'my-app';","                    case 'npm_package_nameAlias':","                        return 'my_app';","                    case 'npm_package_version':","                        return '0.0.1';","                    }","                });","        }","        // run the cli","        if (local.global.utility2_rollup || module !== require.main) {","            break;","        }","        local.assetsDict['/assets.example.js'] =","            local.assetsDict['/assets.example.js'] ||","            local.fs.readFileSync(__filename, 'utf8');","        // bug-workaround - long $npm_package_buildCustomOrg","        /* jslint-ignore-begin */","        local.assetsDict['/assets.npmtest_sql.rollup.js'] =","            local.assetsDict['/assets.npmtest_sql.rollup.js'] ||","            local.fs.readFileSync(","                local.npmtest_sql.__dirname + '/lib.npmtest_sql.js',","                'utf8'","            ).replace((/^#!/), '//');","        /* jslint-ignore-end */","        local.assetsDict['/favicon.ico'] = local.assetsDict['/favicon.ico'] || '';","        // if $npm_config_timeout_exit exists,","        // then exit this process after $npm_config_timeout_exit ms","        if (Number(process.env.npm_config_timeout_exit)) {","            setTimeout(process.exit, Number(process.env.npm_config_timeout_exit));","        }","        // start server","        if (local.global.utility2_serverHttp1) {","            break;","        }","        process.env.PORT = process.env.PORT || '8081';","        console.error('server starting on port ' + process.env.PORT);","        local.http.createServer(function (request, response) {","            request.urlParsed = local.url.parse(request.url);","            if (local.assetsDict[request.urlParsed.pathname] !== undefined) {","                response.end(local.assetsDict[request.urlParsed.pathname]);","                return;","            }","            response.statusCode = 404;","            response.end();","        }).listen(process.env.PORT);","        break;","    }","}());",""],"l":{"26":2,"28":2,"33":2,"35":2,"37":2,"38":2,"39":2,"44":1,"51":2,"55":2,"59":2,"61":2,"69":1,"70":2,"76":2,"79":2,"82":2,"83":2,"85":1,"89":2,"92":1,"93":1,"94":1,"96":1,"97":1,"100":1,"101":1,"103":1,"106":1,"108":2,"114":1,"116":1,"118":1,"123":1,"124":2,"125":2,"126":3,"127":3,"128":3,"129":3,"130":1,"133":3,"134":3,"139":3,"143":1,"144":3,"145":1,"149":1,"150":1,"158":1,"160":1,"161":1,"162":1,"164":1,"166":1,"258":1,"259":1,"271":1,"274":6,"275":6,"277":1,"279":2,"281":1,"283":2,"288":1,"289":1,"291":1,"296":1,"303":1,"306":1,"307":1,"310":1,"311":1,"313":1,"314":1,"315":1,"316":1,"317":1,"318":1,"319":1,"321":1,"322":1,"324":1}},"/home/travis/build/npmtest/node-npmtest-sql/node_modules/sql/lib/index.js":{"path":"/home/travis/build/npmtest/node-npmtest-sql/node_modules/sql/lib/index.js","s":{"1":1,"2":1,"3":1,"4":1,"5":1,"6":1,"7":1,"8":1,"9":1,"10":1,"11":1,"12":1,"13":1,"14":1,"15":1,"16":0,"17":0,"18":1,"19":0,"20":0,"21":1,"22":0,"23":0,"24":0,"25":1,"26":0,"27":0,"28":0,"29":1,"30":0,"31":0,"32":1,"33":1,"34":1,"35":1,"36":1,"37":1,"38":0,"39":0,"40":0,"41":1,"42":0,"43":1,"44":1,"45":1,"46":1},"b":{"1":[1,0],"2":[0,0]},"f":{"1":1,"2":0,"3":0,"4":0,"5":0,"6":0,"7":0,"8":1,"9":0,"10":0},"fnMap":{"1":{"name":"(anonymous_1)","line":17,"loc":{"start":{"line":17,"column":10},"end":{"line":17,"column":36}}},"2":{"name":"(anonymous_2)","line":25,"loc":{"start":{"line":25,"column":23},"end":{"line":25,"column":37}}},"3":{"name":"(anonymous_3)","line":34,"loc":{"start":{"line":34,"column":36},"end":{"line":34,"column":51}}},"4":{"name":"(anonymous_4)","line":35,"loc":{"start":{"line":35,"column":9},"end":{"line":35,"column":20}}},"5":{"name":"(anonymous_5)","line":41,"loc":{"start":{"line":41,"column":22},"end":{"line":41,"column":33}}},"6":{"name":"(anonymous_6)","line":48,"loc":{"start":{"line":48,"column":23},"end":{"line":48,"column":34}}},"7":{"name":"(anonymous_7)","line":55,"loc":{"start":{"line":55,"column":25},"end":{"line":55,"column":36}}},"8":{"name":"(anonymous_8)","line":61,"loc":{"start":{"line":61,"column":27},"end":{"line":61,"column":53}}},"9":{"name":"(anonymous_9)","line":70,"loc":{"start":{"line":70,"column":25},"end":{"line":70,"column":41}}},"10":{"name":"(anonymous_10)","line":83,"loc":{"start":{"line":83,"column":13},"end":{"line":83,"column":39}}}},"statementMap":{"1":{"start":{"line":3,"column":0},"end":{"line":3,"column":37}},"2":{"start":{"line":4,"column":0},"end":{"line":4,"column":36}},"3":{"start":{"line":5,"column":0},"end":{"line":5,"column":50}},"4":{"start":{"line":6,"column":0},"end":{"line":6,"column":47}},"5":{"start":{"line":7,"column":0},"end":{"line":7,"column":42}},"6":{"start":{"line":8,"column":0},"end":{"line":8,"column":40}},"7":{"start":{"line":9,"column":0},"end":{"line":9,"column":43}},"8":{"start":{"line":10,"column":0},"end":{"line":10,"column":37}},"9":{"start":{"line":11,"column":0},"end":{"line":11,"column":38}},"10":{"start":{"line":12,"column":0},"end":{"line":12,"column":46}},"11":{"start":{"line":15,"column":0},"end":{"line":15,"column":33}},"12":{"start":{"line":17,"column":0},"end":{"line":22,"column":2}},"13":{"start":{"line":18,"column":2},"end":{"line":18,"column":54}},"14":{"start":{"line":21,"column":2},"end":{"line":21,"column":52}},"15":{"start":{"line":25,"column":0},"end":{"line":31,"column":2}},"16":{"start":{"line":26,"column":2},"end":{"line":28,"column":5}},"17":{"start":{"line":30,"column":2},"end":{"line":30,"column":27}},"18":{"start":{"line":34,"column":0},"end":{"line":38,"column":2}},"19":{"start":{"line":35,"column":2},"end":{"line":37,"column":4}},"20":{"start":{"line":36,"column":4},"end":{"line":36,"column":53}},"21":{"start":{"line":41,"column":0},"end":{"line":45,"column":2}},"22":{"start":{"line":42,"column":2},"end":{"line":42,"column":51}},"23":{"start":{"line":43,"column":2},"end":{"line":43,"column":23}},"24":{"start":{"line":44,"column":2},"end":{"line":44,"column":19}},"25":{"start":{"line":48,"column":0},"end":{"line":52,"column":2}},"26":{"start":{"line":49,"column":2},"end":{"line":49,"column":37}},"27":{"start":{"line":50,"column":2},"end":{"line":50,"column":39}},"28":{"start":{"line":51,"column":2},"end":{"line":51,"column":15}},"29":{"start":{"line":55,"column":0},"end":{"line":58,"column":2}},"30":{"start":{"line":56,"column":2},"end":{"line":56,"column":49}},"31":{"start":{"line":57,"column":2},"end":{"line":57,"column":18}},"32":{"start":{"line":61,"column":0},"end":{"line":67,"column":2}},"33":{"start":{"line":62,"column":2},"end":{"line":62,"column":41}},"34":{"start":{"line":63,"column":2},"end":{"line":63,"column":29}},"35":{"start":{"line":64,"column":2},"end":{"line":64,"column":28}},"36":{"start":{"line":66,"column":2},"end":{"line":66,"column":14}},"37":{"start":{"line":70,"column":0},"end":{"line":79,"column":2}},"38":{"start":{"line":71,"column":2},"end":{"line":76,"column":4}},"39":{"start":{"line":77,"column":2},"end":{"line":77,"column":30}},"40":{"start":{"line":78,"column":2},"end":{"line":78,"column":12}},"41":{"start":{"line":83,"column":0},"end":{"line":85,"column":2}},"42":{"start":{"line":84,"column":2},"end":{"line":84,"column":30}},"43":{"start":{"line":87,"column":0},"end":{"line":87,"column":46}},"44":{"start":{"line":88,"column":0},"end":{"line":88,"column":31}},"45":{"start":{"line":89,"column":0},"end":{"line":89,"column":25}},"46":{"start":{"line":90,"column":0},"end":{"line":90,"column":29}}},"branchMap":{"1":{"line":18,"type":"binary-expr","locations":[{"start":{"line":18,"column":18},"end":{"line":18,"column":25}},{"start":{"line":18,"column":29},"end":{"line":18,"column":44}}]},"2":{"line":26,"type":"binary-expr","locations":[{"start":{"line":26,"column":19},"end":{"line":26,"column":22}},{"start":{"line":26,"column":26},"end":{"line":26,"column":28}}]}},"code":["'use strict';","","var _            = require('lodash');","var Column \t\t = require(\"./column\");","var FunctionCall = require('./node/functionCall');","var ArrayCall    = require('./node/arrayCall');","var functions    = require('./functions');","var getDialect   = require('./dialect');","var Query        = require('./node/query');","var sliced       = require('sliced');","var Table        = require('./table');","var Interval     = require('./node/interval');","","// default dialect is postgres","var DEFAULT_DIALECT = 'postgres';","","var Sql = function(dialect, config) {","  this.setDialect(dialect || DEFAULT_DIALECT, config);","","  // attach the standard SQL functions to this instance","  this.functions = functions.getStandardFunctions();","};","","// Define a table","Sql.prototype.define = function(def) {","  def = _.defaults(def || {}, {","    sql: this","  });","","  return Table.define(def);","};","","// Returns a function call creator","Sql.prototype.functionCallCreator = function(name) {","  return function() {","    return new FunctionCall(name, sliced(arguments));","  };","};","","// Returns a bracketed call creator literal","Sql.prototype.array = function() {","  var arrayCall = new ArrayCall(sliced(arguments));","  arrayCall.sql = this;","  return arrayCall;","};","","// Returns a select statement","Sql.prototype.select = function() {","  var query = new Query({sql: this});","  query.select.apply(query, arguments);","  return query;","};","","// Returns an interval clause","Sql.prototype.interval = function() {","  var interval = new Interval(sliced(arguments));","  return interval;","};","","// Set the dialect","Sql.prototype.setDialect = function(dialect, config) {","  this.dialect     = getDialect(dialect);","  this.dialectName = dialect;","  this.config      = config;","","  return this;","};","","// Create a constant Column (for use in SELECT)","Sql.prototype.constant = function(value) {","  var config={","    name:\"constant\",","    property:\"constant\",","    isConstant:true,","    constantValue:value,","  };","  var cn = new Column(config);","  return cn;","};","","","// back compat shim for the Sql class constructor","var create = function(dialect, config) {","  return new Sql(dialect, {});","};","","module.exports = new Sql(DEFAULT_DIALECT, {});","module.exports.create = create;","module.exports.Sql = Sql;","module.exports.Table = Table;",""],"l":{"3":1,"4":1,"5":1,"6":1,"7":1,"8":1,"9":1,"10":1,"11":1,"12":1,"15":1,"17":1,"18":1,"21":1,"25":1,"26":0,"30":0,"34":1,"35":0,"36":0,"41":1,"42":0,"43":0,"44":0,"48":1,"49":0,"50":0,"51":0,"55":1,"56":0,"57":0,"61":1,"62":1,"63":1,"64":1,"66":1,"70":1,"71":0,"77":0,"78":0,"83":1,"84":0,"87":1,"88":1,"89":1,"90":1}},"/home/travis/build/npmtest/node-npmtest-sql/node_modules/sql/lib/column.js":{"path":"/home/travis/build/npmtest/node-npmtest-sql/node_modules/sql/lib/column.js","s":{"1":1,"2":1,"3":1,"4":1,"5":1,"6":1,"7":10,"8":10,"9":20,"10":20,"11":10,"12":10,"13":10,"14":10,"15":10,"16":1,"17":1,"18":20,"19":20,"20":140,"21":20,"22":1,"23":0,"24":0,"25":0,"26":1,"27":20,"28":1,"29":20,"30":1,"31":0,"32":0,"33":0,"34":1,"35":0,"36":0,"37":0,"38":0,"39":1,"40":0,"41":0,"42":0,"43":0,"44":1,"45":0,"46":1,"47":0,"48":1,"49":0,"50":1,"51":0,"52":1,"53":0,"54":1,"55":0,"56":0,"57":0,"58":1,"59":0,"60":1},"b":{"1":[20,0],"2":[0,0],"3":[0,0]},"f":{"1":10,"2":20,"3":140,"4":0,"5":20,"6":20,"7":0,"8":0,"9":0,"10":0,"11":0,"12":0,"13":0,"14":0,"15":0,"16":0},"fnMap":{"1":{"name":"(anonymous_1)","line":9,"loc":{"start":{"line":9,"column":13},"end":{"line":9,"column":30}}},"2":{"name":"(anonymous_2)","line":29,"loc":{"start":{"line":29,"column":17},"end":{"line":29,"column":32}}},"3":{"name":"(anonymous_3)","line":31,"loc":{"start":{"line":31,"column":28},"end":{"line":31,"column":43}}},"4":{"name":"(anonymous_4)","line":37,"loc":{"start":{"line":37,"column":25},"end":{"line":37,"column":41}}},"5":{"name":"(anonymous_5)","line":43,"loc":{"start":{"line":43,"column":28},"end":{"line":43,"column":39}}},"6":{"name":"(anonymous_6)","line":47,"loc":{"start":{"line":47,"column":26},"end":{"line":47,"column":37}}},"7":{"name":"(anonymous_7)","line":52,"loc":{"start":{"line":52,"column":22},"end":{"line":52,"column":38}}},"8":{"name":"(anonymous_8)","line":58,"loc":{"start":{"line":58,"column":28},"end":{"line":58,"column":44}}},"9":{"name":"(anonymous_9)","line":65,"loc":{"start":{"line":65,"column":29},"end":{"line":65,"column":57}}},"10":{"name":"(anonymous_10)","line":72,"loc":{"start":{"line":72,"column":25},"end":{"line":72,"column":41}}},"11":{"name":"(anonymous_11)","line":76,"loc":{"start":{"line":76,"column":23},"end":{"line":76,"column":39}}},"12":{"name":"(anonymous_12)","line":80,"loc":{"start":{"line":80,"column":23},"end":{"line":80,"column":39}}},"13":{"name":"(anonymous_13)","line":84,"loc":{"start":{"line":84,"column":23},"end":{"line":84,"column":39}}},"14":{"name":"(anonymous_14)","line":88,"loc":{"start":{"line":88,"column":23},"end":{"line":88,"column":39}}},"15":{"name":"(anonymous_15)","line":92,"loc":{"start":{"line":92,"column":28},"end":{"line":92,"column":39}}},"16":{"name":"(anonymous_16)","line":98,"loc":{"start":{"line":98,"column":27},"end":{"line":98,"column":38}}}},"statementMap":{"1":{"start":{"line":3,"column":0},"end":{"line":3,"column":45}},"2":{"start":{"line":4,"column":0},"end":{"line":4,"column":52}},"3":{"start":{"line":5,"column":0},"end":{"line":5,"column":58}},"4":{"start":{"line":6,"column":0},"end":{"line":6,"column":50}},"5":{"start":{"line":7,"column":0},"end":{"line":7,"column":61}},"6":{"start":{"line":9,"column":0},"end":{"line":24,"column":2}},"7":{"start":{"line":10,"column":2},"end":{"line":10,"column":28}},"8":{"start":{"line":11,"column":2},"end":{"line":15,"column":3}},"9":{"start":{"line":12,"column":4},"end":{"line":14,"column":5}},"10":{"start":{"line":13,"column":6},"end":{"line":13,"column":32}},"11":{"start":{"line":16,"column":2},"end":{"line":16,"column":35}},"12":{"start":{"line":17,"column":2},"end":{"line":17,"column":20}},"13":{"start":{"line":18,"column":2},"end":{"line":21,"column":5}},"14":{"start":{"line":22,"column":2},"end":{"line":22,"column":34}},"15":{"start":{"line":23,"column":2},"end":{"line":23,"column":42}},"16":{"start":{"line":27,"column":0},"end":{"line":27,"column":51}},"17":{"start":{"line":29,"column":0},"end":{"line":35,"column":2}},"18":{"start":{"line":30,"column":2},"end":{"line":30,"column":48}},"19":{"start":{"line":31,"column":2},"end":{"line":33,"column":5}},"20":{"start":{"line":32,"column":4},"end":{"line":32,"column":29}},"21":{"start":{"line":34,"column":2},"end":{"line":34,"column":17}},"22":{"start":{"line":37,"column":0},"end":{"line":41,"column":2}},"23":{"start":{"line":38,"column":2},"end":{"line":38,"column":33}},"24":{"start":{"line":39,"column":2},"end":{"line":39,"column":25}},"25":{"start":{"line":40,"column":2},"end":{"line":40,"column":17}},"26":{"start":{"line":43,"column":0},"end":{"line":45,"column":2}},"27":{"start":{"line":44,"column":2},"end":{"line":44,"column":21}},"28":{"start":{"line":47,"column":0},"end":{"line":50,"column":2}},"29":{"start":{"line":49,"column":2},"end":{"line":49,"column":42}},"30":{"start":{"line":52,"column":0},"end":{"line":56,"column":2}},"31":{"start":{"line":53,"column":2},"end":{"line":53,"column":33}},"32":{"start":{"line":54,"column":2},"end":{"line":54,"column":24}},"33":{"start":{"line":55,"column":2},"end":{"line":55,"column":33}},"34":{"start":{"line":58,"column":0},"end":{"line":63,"column":2}},"35":{"start":{"line":59,"column":2},"end":{"line":59,"column":33}},"36":{"start":{"line":60,"column":2},"end":{"line":60,"column":25}},"37":{"start":{"line":61,"column":2},"end":{"line":61,"column":46}},"38":{"start":{"line":62,"column":2},"end":{"line":62,"column":33}},"39":{"start":{"line":65,"column":0},"end":{"line":70,"column":2}},"40":{"start":{"line":66,"column":2},"end":{"line":66,"column":33}},"41":{"start":{"line":67,"column":2},"end":{"line":67,"column":48}},"42":{"start":{"line":68,"column":2},"end":{"line":68,"column":81}},"43":{"start":{"line":69,"column":2},"end":{"line":69,"column":33}},"44":{"start":{"line":72,"column":0},"end":{"line":74,"column":2}},"45":{"start":{"line":73,"column":2},"end":{"line":73,"column":40}},"46":{"start":{"line":76,"column":0},"end":{"line":78,"column":2}},"47":{"start":{"line":77,"column":2},"end":{"line":77,"column":38}},"48":{"start":{"line":80,"column":0},"end":{"line":82,"column":2}},"49":{"start":{"line":81,"column":2},"end":{"line":81,"column":38}},"50":{"start":{"line":84,"column":0},"end":{"line":86,"column":2}},"51":{"start":{"line":85,"column":2},"end":{"line":85,"column":38}},"52":{"start":{"line":88,"column":0},"end":{"line":90,"column":2}},"53":{"start":{"line":89,"column":2},"end":{"line":89,"column":38}},"54":{"start":{"line":92,"column":0},"end":{"line":96,"column":2}},"55":{"start":{"line":93,"column":2},"end":{"line":93,"column":33}},"56":{"start":{"line":94,"column":2},"end":{"line":94,"column":26}},"57":{"start":{"line":95,"column":2},"end":{"line":95,"column":33}},"58":{"start":{"line":98,"column":0},"end":{"line":100,"column":2}},"59":{"start":{"line":99,"column":2},"end":{"line":99,"column":33}},"60":{"start":{"line":102,"column":0},"end":{"line":102,"column":24}}},"branchMap":{"1":{"line":12,"type":"if","locations":[{"start":{"line":12,"column":4},"end":{"line":12,"column":4}},{"start":{"line":12,"column":4},"end":{"line":12,"column":4}}]},"2":{"line":61,"type":"binary-expr","locations":[{"start":{"line":61,"column":18},"end":{"line":61,"column":23}},{"start":{"line":61,"column":27},"end":{"line":61,"column":45}}]},"3":{"line":68,"type":"binary-expr","locations":[{"start":{"line":68,"column":18},"end":{"line":68,"column":23}},{"start":{"line":68,"column":27},"end":{"line":68,"column":80}}]}},"code":["'use strict';","","var _                    = require('lodash');","var ColumnNode           = require('./node/column');","var OrderByValueNode     = require('./node/orderByValue');","var TextNode             = require('./node/text');","var valueExpressionMixin = require('./node/valueExpression');","","var Column = function(config) {","  this.table = config.table;","  for (var name in config) {","    if (config.hasOwnProperty(name)) {","      this[name] = config[name];","    }","  }","  this.asc = this.ascending = this;","  this.alias = null;","  this.desc = this.descending = new OrderByValueNode({","    value     : this.toNode(),","    direction : new TextNode('DESC')","  });","  this.dataType = config.dataType;","  this.defaultValue = config.defaultValue;","};","","// mix in value expression","_.extend(Column.prototype, valueExpressionMixin());","","var contextify = function(base) {","  var context = Object.create(Column.prototype);","  Object.keys(base).forEach(function (key) {","    context[key] = base[key];","  });","  return context;","};","","Column.prototype.value = function(value) {","  var context = contextify(this);","  context._value = value;","  return context;","};","","Column.prototype.getValue = function() {","  return this._value;","};","","Column.prototype.toNode = function() {","  // creates a query node from this column","  return new ColumnNode(contextify(this));","};","","Column.prototype.as = function(alias) {","  var context = contextify(this);","  context.alias = alias;","  return new ColumnNode(context);","};","","Column.prototype.arrayAgg = function(alias) {","  var context = contextify(this);","  context.asArray = true;","  context.alias = alias || context.name + 's';","  return new ColumnNode(context);","};","","Column.prototype.aggregate = function(alias, aggregator) {","  var context = contextify(this);","  context.aggregator = aggregator.toUpperCase();","  context.alias = alias || context.name + '_' + context.aggregator.toLowerCase();","  return new ColumnNode(context);","};","","Column.prototype.count = function(alias) {","  return this.aggregate(alias, 'count');","};","","Column.prototype.min = function(alias) {","  return this.aggregate(alias, 'min');","};","","Column.prototype.max = function(alias) {","  return this.aggregate(alias, 'max');","};","","Column.prototype.sum = function(alias) {","  return this.aggregate(alias, 'sum');","};","","Column.prototype.avg = function(alias) {","  return this.aggregate(alias, 'avg');","};","","Column.prototype.distinct = function() {","  var context = contextify(this);","  context.distinct = true;","  return new ColumnNode(context);","};","","Column.prototype.toQuery = function() {","  return this.toNode().toQuery();","};","","module.exports = Column;",""],"l":{"3":1,"4":1,"5":1,"6":1,"7":1,"9":1,"10":10,"11":10,"12":20,"13":20,"16":10,"17":10,"18":10,"22":10,"23":10,"27":1,"29":1,"30":20,"31":20,"32":140,"34":20,"37":1,"38":0,"39":0,"40":0,"43":1,"44":20,"47":1,"49":20,"52":1,"53":0,"54":0,"55":0,"58":1,"59":0,"60":0,"61":0,"62":0,"65":1,"66":0,"67":0,"68":0,"69":0,"72":1,"73":0,"76":1,"77":0,"80":1,"81":0,"84":1,"85":0,"88":1,"89":0,"92":1,"93":0,"94":0,"95":0,"98":1,"99":0,"102":1}},"/home/travis/build/npmtest/node-npmtest-sql/node_modules/sql/lib/node/column.js":{"path":"/home/travis/build/npmtest/node-npmtest-sql/node_modules/sql/lib/node/column.js","s":{"1":1,"2":1,"3":20,"4":20,"5":20,"6":20,"7":20,"8":20,"9":20,"10":20,"11":20,"12":20,"13":20,"14":20,"15":20,"16":20,"17":20,"18":20,"19":20,"20":20,"21":20,"22":20,"23":20,"24":0,"25":0},"b":{"1":[20,20]},"f":{"1":20,"2":0},"fnMap":{"1":{"name":"(anonymous_1)","line":7,"loc":{"start":{"line":7,"column":15},"end":{"line":7,"column":32}}},"2":{"name":"(anonymous_2)","line":32,"loc":{"start":{"line":32,"column":6},"end":{"line":32,"column":22}}}},"statementMap":{"1":{"start":{"line":3,"column":0},"end":{"line":3,"column":30}},"2":{"start":{"line":5,"column":0},"end":{"line":36,"column":3}},"3":{"start":{"line":8,"column":4},"end":{"line":8,"column":20}},"4":{"start":{"line":9,"column":4},"end":{"line":9,"column":28}},"5":{"start":{"line":10,"column":4},"end":{"line":10,"column":51}},"6":{"start":{"line":11,"column":4},"end":{"line":11,"column":30}},"7":{"start":{"line":12,"column":4},"end":{"line":12,"column":28}},"8":{"start":{"line":13,"column":4},"end":{"line":13,"column":40}},"9":{"start":{"line":14,"column":4},"end":{"line":14,"column":46}},"10":{"start":{"line":15,"column":4},"end":{"line":15,"column":34}},"11":{"start":{"line":16,"column":4},"end":{"line":16,"column":40}},"12":{"start":{"line":17,"column":4},"end":{"line":17,"column":30}},"13":{"start":{"line":18,"column":4},"end":{"line":18,"column":35}},"14":{"start":{"line":19,"column":4},"end":{"line":19,"column":36}},"15":{"start":{"line":20,"column":4},"end":{"line":20,"column":36}},"16":{"start":{"line":21,"column":4},"end":{"line":21,"column":40}},"17":{"start":{"line":22,"column":4},"end":{"line":22,"column":34}},"18":{"start":{"line":23,"column":4},"end":{"line":23,"column":44}},"19":{"start":{"line":24,"column":4},"end":{"line":24,"column":40}},"20":{"start":{"line":27,"column":4},"end":{"line":27,"column":54}},"21":{"start":{"line":28,"column":4},"end":{"line":28,"column":38}},"22":{"start":{"line":29,"column":4},"end":{"line":29,"column":48}},"23":{"start":{"line":30,"column":4},"end":{"line":30,"column":34}},"24":{"start":{"line":33,"column":4},"end":{"line":33,"column":23}},"25":{"start":{"line":34,"column":4},"end":{"line":34,"column":16}}},"branchMap":{"1":{"line":10,"type":"binary-expr","locations":[{"start":{"line":10,"column":20},"end":{"line":10,"column":35}},{"start":{"line":10,"column":39},"end":{"line":10,"column":50}}]}},"code":["'use strict';","","var Node = require('./index');","","module.exports = Node.define({","  type: 'COLUMN',","  constructor: function(config) {","    Node.call(this);","    this.name = config.name;","    this.property = config.property || config.name;","    this.alias = config.alias;","    this.star = config.star;","    this.isConstant = config.isConstant;","    this.constantValue = config.constantValue;","    this.asArray = config.asArray;","    this.aggregator = config.aggregator;","    this.table = config.table;","    this.value = config.getValue();","    this.dataType = config.dataType;","    this.distinct = config.distinct;","    this.primaryKey = config.primaryKey;","    this.notNull = config.notNull;","    this.defaultValue = config.defaultValue;","    this.references = config.references;","    // If subfieldContainer is present, this is a subfield and subfieldContainer","    // is the parent Column","    this.subfieldContainer = config.subfieldContainer;","    this.subfields = config.subfields;","    this.autoGenerated = !!config.autoGenerated;","    this.unique = !!config.unique;","  },","  as: function(alias) {","    this.alias = alias;","    return this;","  }","});",""],"l":{"3":1,"5":1,"8":20,"9":20,"10":20,"11":20,"12":20,"13":20,"14":20,"15":20,"16":20,"17":20,"18":20,"19":20,"20":20,"21":20,"22":20,"23":20,"24":20,"27":20,"28":20,"29":20,"30":20,"33":0,"34":0}},"/home/travis/build/npmtest/node-npmtest-sql/node_modules/sql/lib/node/index.js":{"path":"/home/travis/build/npmtest/node-npmtest-sql/node_modules/sql/lib/node/index.js","s":{"1":1,"2":1,"3":1,"4":1,"5":60,"6":1,"7":10,"8":1,"9":20,"10":20,"11":20,"12":0,"13":20,"14":20,"15":0,"16":20,"17":20,"18":1,"19":0,"20":0,"21":0,"22":1,"23":0,"24":0,"25":0,"26":0,"27":0,"28":0,"29":0,"30":0,"31":1,"32":0,"33":0,"34":1,"35":0,"36":0,"37":1,"38":0,"39":0,"40":0,"41":0,"42":0,"43":1,"44":0,"45":0,"46":1,"47":10,"48":10,"49":10,"50":1,"51":58,"52":0,"53":58,"54":34,"55":58,"56":58,"57":149,"58":149,"59":58,"60":1,"61":1},"b":{"1":[0,20],"2":[20,0],"3":[0,0],"4":[0,0,0],"5":[0,0],"6":[0,0],"7":[0,0],"8":[0,0],"9":[0,0],"10":[0,0,0],"11":[34,24],"12":[58,58],"13":[149,0]},"f":{"1":60,"2":10,"3":20,"4":0,"5":0,"6":0,"7":0,"8":0,"9":0,"10":10,"11":58,"12":0},"fnMap":{"1":{"name":"(anonymous_1)","line":7,"loc":{"start":{"line":7,"column":11},"end":{"line":7,"column":26}}},"2":{"name":"(anonymous_2)","line":12,"loc":{"start":{"line":12,"column":24},"end":{"line":12,"column":35}}},"3":{"name":"(anonymous_3)","line":16,"loc":{"start":{"line":16,"column":21},"end":{"line":16,"column":36}}},"4":{"name":"(anonymous_4)","line":26,"loc":{"start":{"line":26,"column":25},"end":{"line":26,"column":40}}},"5":{"name":"(anonymous_5)","line":35,"loc":{"start":{"line":35,"column":23},"end":{"line":35,"column":48}}},"6":{"name":"(anonymous_6)","line":52,"loc":{"start":{"line":52,"column":24},"end":{"line":52,"column":49}}},"7":{"name":"(anonymous_7)","line":57,"loc":{"start":{"line":57,"column":25},"end":{"line":57,"column":43}}},"8":{"name":"(anonymous_8)","line":62,"loc":{"start":{"line":62,"column":30},"end":{"line":62,"column":54}}},"9":{"name":"(anonymous_9)","line":71,"loc":{"start":{"line":71,"column":26},"end":{"line":71,"column":44}}},"10":{"name":"(anonymous_10)","line":76,"loc":{"start":{"line":76,"column":24},"end":{"line":76,"column":40}}},"11":{"name":"(anonymous_11)","line":83,"loc":{"start":{"line":83,"column":14},"end":{"line":83,"column":28}}},"12":{"name":"(anonymous_12)","line":84,"loc":{"start":{"line":84,"column":10},"end":{"line":84,"column":21}}}},"statementMap":{"1":{"start":{"line":3,"column":0},"end":{"line":3,"column":35}},"2":{"start":{"line":4,"column":0},"end":{"line":4,"column":39}},"3":{"start":{"line":5,"column":0},"end":{"line":5,"column":33}},"4":{"start":{"line":7,"column":0},"end":{"line":10,"column":2}},"5":{"start":{"line":9,"column":2},"end":{"line":9,"column":18}},"6":{"start":{"line":12,"column":0},"end":{"line":14,"column":2}},"7":{"start":{"line":13,"column":2},"end":{"line":13,"column":14}},"8":{"start":{"line":16,"column":0},"end":{"line":24,"column":2}},"9":{"start":{"line":17,"column":2},"end":{"line":17,"column":75}},"10":{"start":{"line":18,"column":1},"end":{"line":18,"column":13}},"11":{"start":{"line":19,"column":2},"end":{"line":21,"column":22}},"12":{"start":{"line":19,"column":32},"end":{"line":19,"column":61}},"13":{"start":{"line":20,"column":7},"end":{"line":21,"column":22}},"14":{"start":{"line":20,"column":24},"end":{"line":20,"column":48}},"15":{"start":{"line":21,"column":7},"end":{"line":21,"column":22}},"16":{"start":{"line":22,"column":2},"end":{"line":22,"column":27}},"17":{"start":{"line":23,"column":2},"end":{"line":23,"column":14}},"18":{"start":{"line":26,"column":0},"end":{"line":30,"column":2}},"19":{"start":{"line":27,"column":2},"end":{"line":27,"column":75}},"20":{"start":{"line":28,"column":2},"end":{"line":28,"column":84}},"21":{"start":{"line":29,"column":2},"end":{"line":29,"column":14}},"22":{"start":{"line":35,"column":0},"end":{"line":50,"column":2}},"23":{"start":{"line":36,"column":2},"end":{"line":36,"column":58}},"24":{"start":{"line":37,"column":2},"end":{"line":37,"column":14}},"25":{"start":{"line":39,"column":2},"end":{"line":48,"column":3}},"26":{"start":{"line":41,"column":4},"end":{"line":41,"column":34}},"27":{"start":{"line":42,"column":9},"end":{"line":48,"column":3}},"28":{"start":{"line":44,"column":4},"end":{"line":44,"column":26}},"29":{"start":{"line":47,"column":4},"end":{"line":47,"column":37}},"30":{"start":{"line":49,"column":2},"end":{"line":49,"column":17}},"31":{"start":{"line":52,"column":0},"end":{"line":55,"column":2}},"32":{"start":{"line":53,"column":4},"end":{"line":53,"column":51}},"33":{"start":{"line":54,"column":4},"end":{"line":54,"column":31}},"34":{"start":{"line":57,"column":0},"end":{"line":60,"column":2}},"35":{"start":{"line":58,"column":2},"end":{"line":58,"column":48}},"36":{"start":{"line":59,"column":2},"end":{"line":59,"column":57}},"37":{"start":{"line":62,"column":0},"end":{"line":69,"column":2}},"38":{"start":{"line":63,"column":2},"end":{"line":65,"column":3}},"39":{"start":{"line":64,"column":4},"end":{"line":64,"column":66}},"40":{"start":{"line":66,"column":2},"end":{"line":66,"column":36}},"41":{"start":{"line":67,"column":2},"end":{"line":67,"column":20}},"42":{"start":{"line":68,"column":2},"end":{"line":68,"column":15}},"43":{"start":{"line":71,"column":0},"end":{"line":74,"column":2}},"44":{"start":{"line":72,"column":2},"end":{"line":72,"column":48}},"45":{"start":{"line":73,"column":2},"end":{"line":73,"column":58}},"46":{"start":{"line":76,"column":0},"end":{"line":81,"column":2}},"47":{"start":{"line":77,"column":2},"end":{"line":79,"column":3}},"48":{"start":{"line":78,"column":4},"end":{"line":78,"column":23}},"49":{"start":{"line":80,"column":2},"end":{"line":80,"column":14}},"50":{"start":{"line":83,"column":0},"end":{"line":98,"column":2}},"51":{"start":{"line":84,"column":2},"end":{"line":86,"column":4}},"52":{"start":{"line":85,"column":4},"end":{"line":85,"column":20}},"53":{"start":{"line":88,"column":2},"end":{"line":90,"column":3}},"54":{"start":{"line":89,"column":4},"end":{"line":89,"column":24}},"55":{"start":{"line":91,"column":2},"end":{"line":91,"column":25}},"56":{"start":{"line":92,"column":2},"end":{"line":96,"column":3}},"57":{"start":{"line":93,"column":4},"end":{"line":95,"column":5}},"58":{"start":{"line":94,"column":6},"end":{"line":94,"column":34}},"59":{"start":{"line":97,"column":2},"end":{"line":97,"column":11}},"60":{"start":{"line":100,"column":0},"end":{"line":100,"column":22}},"61":{"start":{"line":101,"column":0},"end":{"line":101,"column":33}}},"branchMap":{"1":{"line":19,"type":"if","locations":[{"start":{"line":19,"column":2},"end":{"line":19,"column":2}},{"start":{"line":19,"column":2},"end":{"line":19,"column":2}}]},"2":{"line":20,"type":"if","locations":[{"start":{"line":20,"column":7},"end":{"line":20,"column":7}},{"start":{"line":20,"column":7},"end":{"line":20,"column":7}}]},"3":{"line":28,"type":"cond-expr","locations":[{"start":{"line":28,"column":48},"end":{"line":28,"column":66}},{"start":{"line":28,"column":69},"end":{"line":28,"column":82}}]},"4":{"line":36,"type":"binary-expr","locations":[{"start":{"line":36,"column":12},"end":{"line":36,"column":21}},{"start":{"line":36,"column":26},"end":{"line":36,"column":37}},{"start":{"line":36,"column":41},"end":{"line":36,"column":56}}]},"5":{"line":39,"type":"if","locations":[{"start":{"line":39,"column":2},"end":{"line":39,"column":2}},{"start":{"line":39,"column":2},"end":{"line":39,"column":2}}]},"6":{"line":42,"type":"if","locations":[{"start":{"line":42,"column":9},"end":{"line":42,"column":9}},{"start":{"line":42,"column":9},"end":{"line":42,"column":9}}]},"7":{"line":42,"type":"binary-expr","locations":[{"start":{"line":42,"column":13},"end":{"line":42,"column":16}},{"start":{"line":42,"column":20},"end":{"line":42,"column":31}}]},"8":{"line":53,"type":"cond-expr","locations":[{"start":{"line":53,"column":29},"end":{"line":53,"column":45}},{"start":{"line":53,"column":48},"end":{"line":53,"column":50}}]},"9":{"line":63,"type":"if","locations":[{"start":{"line":63,"column":2},"end":{"line":63,"column":2}},{"start":{"line":63,"column":2},"end":{"line":63
[...]
 ACTION') {","          txt.push(' ON DELETE ' + onDelete);","        }","        var onUpdate = columnNode.references.onUpdate;","        if (onUpdate) onUpdate = onUpdate.toUpperCase();","        if (onUpdate === 'CASCADE' || onUpdate === 'RESTRICT' || onUpdate === 'SET NULL' || onUpdate === 'SET DEFAULT' || onUpdate === 'NO ACTION') {","          txt.push(' ON UPDATE ' + onUpdate);","        }","        var constraint = columnNode.references.constraint;","        if (constraint) {","          constraint = ' ' + constraint.toUpperCase();","          txt.push(constraint);","        }","      }","    }","  }","  return [txt.join('')];","};","","Postgres.prototype.visitForeignKey = function(foreignKeyNode)","{","  var txt = [];","  if(this._visitingCreate) {","    assert(foreignKeyNode.table, 'Foreign table missing for table reference');","    assert(foreignKeyNode.columns, 'Columns missing for table reference');","    if(foreignKeyNode.refColumns !== undefined) {","      assert.equal(foreignKeyNode.columns.length, foreignKeyNode.refColumns.length, 'Number of local columns and foreign columns differ in table reference');","    }","    if(foreignKeyNode.name !== undefined) {","      txt.push('CONSTRAINT ' + this.quote(foreignKeyNode.name) + ' ');","    }","    txt.push('FOREIGN KEY ( ');","    for(var i = 0; i < foreignKeyNode.columns.length; i++) {","      if(i>0) {","        txt.push(', ');","      }","      txt.push(this.quote(foreignKeyNode.columns[i]));","    }","    txt.push(' ) REFERENCES ');","    if(foreignKeyNode.schema !== undefined) {","      txt.push(this.quote(foreignKeyNode.schema) + '.');","    }","    txt.push(this.quote(foreignKeyNode.table));","    if(foreignKeyNode.refColumns !== undefined) {","      txt.push(' ( ');","      for(i = 0; i < foreignKeyNode.refColumns.length; i++) {","        if(i>0) {","          txt.push(', ');","        }","        txt.push(this.quote(foreignKeyNode.refColumns[i]));","      }","      txt.push(' )');","    }","    var onDelete = foreignKeyNode.onDelete;","    if(onDelete) {","      onDelete = onDelete.toUpperCase();","      if(onDelete === 'CASCADE' || onDelete === 'RESTRICT' || onDelete === 'SET NULL' || onDelete === 'SET DEFAULT' || onDelete === 'NO ACTION') {","        txt.push(' ON DELETE ' + onDelete);","      }","    }","    var onUpdate = foreignKeyNode.onUpdate;","    if(onUpdate) {","      onUpdate = onUpdate.toUpperCase();","      if(onUpdate === 'CASCADE' || onUpdate === 'RESTRICT' || onUpdate === 'SET NULL' || onUpdate === 'SET DEFAULT' || onUpdate === 'NO ACTION') {","        txt.push(' ON UPDATE ' + onUpdate);","      }","    }","    if(foreignKeyNode.constraint) {","      txt.push(' ' + foreignKeyNode.constraint.toUpperCase());","    }","  }","  return [txt.join('')];","};","","Postgres.prototype.visitFunctionCall = function(functionCall) {","  this._visitingFunctionCall = true;","  var _this = this;","","  function _extract() {","    var nodes = functionCall.nodes.map(_this.visit.bind(_this));","    if (nodes.length != 1) throw new Error('Not enough parameters passed to ' + functionCall.name + ' function');","    var txt = 'EXTRACT(' + functionCall.name + ' FROM ' + (nodes[0]+'') + ')';","    return txt;","  }","","  var txt = \"\";","  // Override date functions since postgres (and others) uses extract","  if (['YEAR', 'MONTH', 'DAY', 'HOUR'].indexOf(functionCall.name) >= 0) txt = _extract();","  // Override CURRENT_TIMESTAMP function to remove parens","  else if ('CURRENT_TIMESTAMP' == functionCall.name) txt = functionCall.name;","  else txt = functionCall.name + '(' + functionCall.nodes.map(this.visit.bind(this)).join(', ') + ')';","  this._visitingFunctionCall = false;","  return [txt];","};","","Postgres.prototype.visitArrayCall = function(arrayCall) {","  var txt = 'ARRAY[' + arrayCall.nodes.map(this.visit.bind(this)).join(', ') + ']';","  return [txt];","};","","Postgres.prototype.visitParameter = function(parameter) {","  // save the value into the parameters array","  var value = parameter.value();","  this.params.push(value);","  return parameter.isExplicit ? [] : [this._getParameterText(this.params.length, value)];","};","","Postgres.prototype.visitDefault = function(parameter) {","  /* jshint unused: false */","  return ['DEFAULT'];","};","","Postgres.prototype.visitAddColumn = function(addColumn) {","  this._visitingAddColumn = true;","  var result = ['ADD COLUMN ' + this.visit(addColumn.nodes[0])];","  this._visitingAddColumn = false;","  return result;","};","","Postgres.prototype.visitDropColumn = function(dropColumn) {","  return ['DROP COLUMN ' + this.visit(dropColumn.nodes[0])];","};","","Postgres.prototype.visitRenameColumn = function(renameColumn) {","  return ['RENAME COLUMN ' + this.visit(renameColumn.nodes[0]) + ' TO ' + this.visit(renameColumn.nodes[1])];","};","","Postgres.prototype.visitRename = function(rename) {","  return ['RENAME TO ' + this.visit(rename.nodes[0])];","};","","Postgres.prototype.visitIfExists = function() {","  return ['IF EXISTS'];","};","","Postgres.prototype.visitIfNotExists = function() {","  return ['IF NOT EXISTS'];","};","","Postgres.prototype.visitOrIgnore = function() {","  throw new Error('PostgreSQL does not allow orIgnore clause.');","};","","Postgres.prototype.visitCascade = function() {","  return ['CASCADE'];","};","","Postgres.prototype.visitRestrict = function() {","  return ['RESTRICT'];","};","","Postgres.prototype.visitForUpdate = function() {","  return ['FOR UPDATE'];","};","","Postgres.prototype.visitForShare = function() {","  return ['FOR SHARE'];","};","","Postgres.prototype.visitJoin = function(join) {","  var result = [];","  this._visitingJoin = true;","  result = result.concat(this.visit(join.from));","  result = result.concat(join.subType + ' JOIN');","  result = result.concat(this.visit(join.to));","  result = result.concat('ON');","  result = result.concat(this.visit(join.on));","  return result;","};","","Postgres.prototype.visitLiteral = function(node) {","  var txt = [node.literal];","  if(node.alias) {","    txt.push(this._aliasText + this.quote(node.alias));","  }","  return [txt.join('')];","};","","Postgres.prototype.visitReturning = function(returning) {","  this.visitingReturning = true;","  var r = ['RETURNING', returning.nodes.map(this.visit.bind(this)).join(', ')];","  this.visitingReturning = false;","","  return r;","};","","Postgres.prototype.visitOnDuplicate = function(onDuplicate) {","  throw new Error('PostgreSQL does not allow onDuplicate clause.');","};","","Postgres.prototype.visitOnConflict = function(onConflict) {","  var result = ['ON CONFLICT'];","  var columns = [];","  var updateClause = [], i, col;","  var table = this._queryNode.table;","  if(onConflict.constraint)","    result.push(['ON CONSTRAINT', this.quote(onConflict.constraint)].join(' '));","  else if(onConflict.columns) {","    for(i=0; i < onConflict.columns.length; i++) {","      columns.push(this.quote(table.getColumn(onConflict.columns[i]).name));","    }","    result.push( '(' + columns.join(', ') + ')' );","  }","    ","  if(onConflict.update){","    updateClause.push(\"DO UPDATE SET\");","    var update = onConflict.update;","    var setClause = [];","    for(i=0; i<update.length; i++) {","      col = this.quote(table.getColumn(update[i]).name);","      setClause.push(col + ' = EXCLUDED.' + col);","    }","    updateClause.push(setClause.join(', '));","  }","  else ","    updateClause.push('DO NOTHING');","","  result.push(updateClause.join(' '));","  return result; ","};","","Postgres.prototype.visitModifier = function(node) {","  return [node.type, node.count.type ? this.visit(node.count) : node.count];","};","","Postgres.prototype.visitIndexes = function(node) {","  /* jshint unused: false */","  var tableName = this._queryNode.table.getName();","  var schemaName = this._queryNode.table.getSchema() || \"public\";","","  return [","    \"SELECT relname\",","    \"FROM pg_class\",","    \"WHERE oid IN (\",","    \"SELECT indexrelid\",","    \"FROM pg_index, pg_class WHERE pg_class.relname='\" + tableName + \"'\",","    \"AND pg_class.relnamespace IN (SELECT pg_namespace.oid FROM pg_namespace WHERE nspname = '\" + schemaName + \"')\",","    \"AND pg_class.oid=pg_index.indrelid)\"","  ].join(' ');","};","","Postgres.prototype.visitCreateIndex = function(node) {","  if (!node.options.columns || (node.options.columns.length === 0)) {","    throw new Error('No columns defined!');","  }","","  var tableName = this.visit(node.table.toNode());","  var result    = [ 'CREATE' ];","","  if (node.options.type) {","    result.push(node.options.type.toUpperCase());","  }","","  result = result.concat([ 'INDEX', this.quote(node.indexName()) ]);","","  if (node.options.algorithm) {","    result.push(\"USING \" + node.options.algorithm.toUpperCase());","  }","","  result = result.concat([","    \"ON\",","    tableName,","    \"(\" + node.options.columns.reduce(function(result, col) {","      var column = col.name ? col.name : col.value.name;","      var direction = col.direction ? ' ' + col.direction.text : '';","      var res = result.concat(this.quote(column) + direction);","      return res;","    }.bind(this), []) + \")\"","  ]);","","  if (node.options.parser) {","    result.push(\"WITH PARSER\");","    result.push(node.options.parser);","  }","","  return result;","};","","Postgres.prototype.visitDropIndex = function(node) {","  var result = [ 'DROP INDEX' ];","","  result.push(this.quote(node.table.getSchema() || \"public\") + \".\" + this.quote(node.options.indexName));","","  return result;","};","","Postgres.prototype.visitCreateView = function(createView) {","  var result = ['CREATE VIEW', this.quote(createView.options.viewName), 'AS'];","  return result;","};","","Postgres.prototype.visitInterval = function(interval) {","  var parameter = '';","  function _add(n, unit) {","    if(!_.isNumber(n)) return;","    if(parameter !== '') {","      parameter += ' ';","    }","    parameter += n + ' ' + unit;","  }","  _add(interval.years, 'YEAR');","  _add(interval.months, 'MONTH');","  _add(interval.days, 'DAY');","  _add(interval.hours, 'HOUR');","  _add(interval.minutes, 'MINUTE');","  _add(interval.seconds, 'SECOND');","  if(parameter === '') parameter = '0 SECOND';","  var result = \"INTERVAL '\" + parameter + \"'\";","  return result;","};","","/**"," * Broken out as a separate function so that dialects that derive from this class can still use this functionality."," *"," * @param {Node[]} list"," * @param {String} type"," * @returns {Object|undefined} {index:number, node:Node}"," */","Postgres.prototype.findNode=function(list,type) {","  for (var i= 0, len=list.length; i<len; i++) {","    var n=list[i];","    if (n.type==type) return {index:i,node:n};","  }","  return undefined;","};","","/**"," * pulls the DISTINCT node out of the filters and flags the SELECT node that it should be distinct."," * Broken out as a separate function so that dialects that derive from this class can still use this functionality."," */","Postgres.prototype.handleDistinct = function(actions,filters) {","  var distinctNode = this.findNode(filters,\"DISTINCT\");","  //if (!distinctNode) distinctNode = _findNode(targets,\"DISTINCT\");","  //if (!distinctNode) distinctNode = _findNode(actions,\"DISTINCT\");","  if (!distinctNode) return;","  var selectInfo = this.findNode(actions,\"SELECT\");","  if (!selectInfo) return; // there should be one by now, I think","  // mark the SELECT node that it's distinct","  selectInfo.node.isDistinct = true;","};","","/**"," * If the parent of the subquery is an INSERT we don't want to parenthesize."," * This happens when you create the query like so:"," *"," * var query=post.insert(post.id)"," * var select=user.select(user.id)"," * query.add(select)"," *"," * @param parentQuery"," * @returns {boolean}"," */","function dontParenthesizeSubQuery(parentQuery){","\tif (!parentQuery) return false;","\tif (parentQuery.nodes.length === 0) return false;","\tif (parentQuery.nodes[0].type != 'INSERT') return false;","\treturn true;","}","","module.exports = Postgres;",""],"l":{"3":1,"4":1,"5":1,"6":1,"7":1,"9":1,"10":0,"11":0,"12":0,"15":1,"17":1,"19":1,"20":0,"22":0,"25":0,"29":1,"31":0,"32":0,"33":0,"34":0,"35":0,"37":0,"38":0,"40":0,"41":0,"42":0,"43":0,"46":0,"49":0,"51":0,"52":0,"54":0,"56":0,"59":0,"60":0,"62":0,"65":0,"66":0,"67":0,"70":0,"71":0,"74":0,"78":0,"81":1,"83":0,"86":1,"88":0,"89":0,"91":0,"94":0,"95":0,"96":0,"97":0,"98":0,"99":0,"100":0,"104":0,"107":0,"108":0,"110":0,"113":1,"115":0,"116":0,"117":0,"118":0,"120":0,"123":0,"125":0,"128":1,"129":0,"130":0,"131":0,"132":0,"133":0,"134":0,"135":0,"136":0,"137":0,"138":0,"139":0,"140":0,"141":0,"142":0,"143":0,"144":0,"145":0,"146":0,"147":0,"148":0,"149":0,"150":0,"151":0,"152":0,"153":0,"154":0,"155":0,"156":0,"157":0,"158":0,"159":0,"160":0,"161":0,"162":0,"163":0,"164":0,"165":0,"166":0,"167":0,"168":0,"169":0,"170":0,"171":0,"172":0,"173":0,"174":0,"175":0,"176":0,"177":0,"178":0,"180":0,"181":0,"182":0,"183":0,"184":0,"185":0,"186":0,"187":0,"188":0,"192":0,"194":0,"198":1,"199":1,"201":1,"202":0,"203":0,"205":0,"207":0,"210":0,"211":0,"213":0,"217":1,"218":0,"220":0,"222":0,"223":0,"225":0,"226":0,"229":0,"231":0,"233":0,"236":1,"237":0,"239":0,"241":0,"242":0,"243":0,"244":0,"246":0,"248":0,"249":0,"250":0,"251":0,"254":0,"257":0,"259":0,"260":0,"264":0,"266":0,"269":1,"271":0,"273":0,"274":0,"275":0,"276":0,"277":0,"279":0,"285":0,"288":1,"289":0,"290":0,"291":0,"293":0,"294":0,"297":1,"298":0,"300":0,"301":0,"302":0,"304":0,"305":0,"306":0,"307":0,"308":0,"309":0,"311":0,"312":0,"313":0,"314":0,"315":0,"316":0,"318":0,"320":0,"321":0,"323":0,"324":0,"325":0,"326":0,"327":0,"330":1,"332":0,"333":0,"334":0,"337":1,"338":0,"339":0,"340":0,"343":1,"345":0,"348":1,"349":0,"352":1,"353":0,"354":0,"357":1,"358":0,"360":0,"361":0,"366":0,"367":0,"370":1,"371":0,"372":0,"373":0,"374":0,"377":1,"378":0,"379":0,"380":0,"382":0,"384":0,"385":0,"387":0,"390":1,"391":0,"392":0,"393":0,"394":0,"397":1,"398":0,"399":0,"400":0,"402":0,"405":1,"406":0,"407":0,"408":0,"410":0,"413":1,"414":0,"415":0,"418":1,"419":0,"420":0,"423":1,"424":0,"425":0,"428":1,"429":0,"430":0,"433":1,"434":0,"436":0,"437":0,"439":0,"440":0,"441":0,"442":0,"446":0,"448":0,"449":0,"452":1,"453":0,"454":0,"456":0,"457":0,"458":0,"459":0,"460":0,"464":0,"466":0,"469":0,"470":0,"471":0,"473":0,"474":0,"477":1,"478":0,"479":0,"481":0,"482":0,"483":0,"484":0,"486":0,"487":0,"488":0,"490":0,"494":0,"495":0,"497":0,"498":0,"501":0,"504":0,"507":0,"510":0,"511":0,"514":1,"515":0,"516":0,"518":0,"519":0,"520":0,"521":0,"523":0,"524":0,"525":0,"527":0,"531":0,"532":0,"533":0,"534":0,"535":0,"536":0,"537":0,"539":0,"542":0,"545":0,"548":0,"549":0,"552":1,"553":0,"555":0,"556":0,"558":0,"560":0,"561":0,"562":0,"563":0,"566":0,"567":0,"570":0,"572":0,"573":0,"576":1,"577":0,"578":0,"581":1,"582":0,"583":0,"584":0,"587":1,"588":0,"589":0,"590":0,"593":1,"594":0,"595":0,"596":0,"599":1,"600":0,"601":0,"602":0,"605":1,"606":0,"607":0,"610":0,"611":0,"612":0,"613":0,"614":0,"615":0,"616":0,"617":0,"618":0,"619":0,"621":0,"623":0,"624":0,"632":0,"633":0,"634":0,"636":0,"637":0,"638":0,"639":0,"640":0,"642":0,"643":0,"645":0,"646":0,"649":0,"651":0,"652":0,"654":0,"656":0,"658":0,"659":0,"660":0,"662":0,"665":0,"676":1,"677":0,"679":0,"680":0,"681":0,"682":0,"685":0,"688":1,"690":0,"693":0,"696":0,"697":0,"698":0,"699":0,"702":0,"705":0,"706":0,"707":0,"709":0,"712":1,"713":0,"714":0,"715":0,"716":0,"717":0,"719":0,"720":0,"721":0,"723":0,"726":1,"727":0,"728":0,"729":0,"730":0,"739":0,"740":0,"741":0,"742":0,"743":0,"744":0,"745":0,"746":0,"749":0,"750":0,"751":0,"754":0,"755":0,"756":0,"759":0,"760":0,"761":0,"762":0,"764":0,"765":0,"766":0,"768":0,"770":0,"773":0,"774":0,"775":0,"776":0,"777":0,"778":0,"779":0,"780":0,"781":0,"782":0,"785":0,"786":0,"789":0,"792":0,"796":0,"797":0,"798":0,"801":0,"802":0,"804":0,"806":0,"807":0,"808":0,"811":0,"812":0,"814":0,"815":0,"817":0,"819":0,"820":0,"822":0,"823":0,"824":0,"826":0,"827":0,"829":0,"830":0,"834":0,"835":0,"841":0,"842":0,"846":0,"850":0,"851":0,"852":0,"854":0,"857":0,"858":0,"859":0,"860":0,"862":0,"863":0,"864":0,"865":0,"867":0,"868":0,"869":0,"870":0,"875":0,"878":1,"880":0,"881":0,"882":0,"883":0,"884":0,"885":0,"887":0,"888":0,"890":0,"891":0,"892":0,"893":0,"895":0,"897":0,"898":0,"899":0,"901":0,"902":0,"903":0,"904":0,"905":0,"906":0,"908":0,"910":0,"912":0,"913":0,"914":0,"915":0,"916":0,"919":0,"920":0,"921":0,"922":0,"923":0,"926":0,"927":0,"930":0,"933":1,"934":0,"935":0,"937":1,"938":0,"939":0,"940":0,"941":0,"944":0,"946":0,"948":0,"949":0,"950":0,"951":0,"954":1,"955":0,"956":0,"959":1,"961":0,"962":0,"963":0,"966":1,"968":0,"971":1,"972":0,"973":0,"974":0,"975":0,"978":1,"979":0,"982":1,"983":0,"986":1,"987":0,"990":1,"991":0,"994":1,"995":0,"998":1,"999":0,"1002":1,"1003":0,"1006":1,"1007":0,"1010":1,"1011":0,"1014":1,"1015":0,"1018":1,"1019":0,"1020":0,"1021":0,"1022":0,"1023":0,"1024":0,"1025":0,"1026":0,"1029":1,"1030":0,"1031":0,"1032":0,"1034":0,"1037":1,"1038":0,"1039":0,"1040":0,"1042":0,"1045":1,"1046":0,"1049":1,"1050":0,"1051":0,"1052":0,"1053":0,"1054":0,"1055":0,"1056":0,"1057":0,"1058":0,"1060":0,"1063":0,"1064":0,"1065":0,"1066":0,"1067":0,"1068":0,"1069":0,"1071":0,"1074":0,"1076":0,"1077":0,"1080":1,"1081":0,"1084":1,"1086":0,"1087":0,"1089":0,"1100":1,"1101":0,"1102":0,"1105":0,"1106":0,"1108":0,"1109":0,"1112":0,"1114":0,"1115":0,"1118":0,"1122":0,"1123":0,"1124":0,"1125":0,"1129":0,"1130":0,"1131":0,"1134":0,"1137":1,"1138":0,"1140":0,"1142":0,"1145":1,"1146":0,"1147":0,"1150":1,"1151":0,"1152":1,"1153":0,"1154":0,"1155":0,"1157":0,"1159":0,"1160":0,"1161":0,"1162":0,"1163":0,"1164":0,"1165":0,"1166":0,"1167":0,"1177":1,"1178":0,"1179":0,"1180":0,"1182":0,"1189":1,"1190":0,"1193":0,"1194":0,"1195":0,"1197":0,"1211":1,"1212":0,"1213":0,"1214":0,"1215":0,"1218":1}},"/home/travis/build/npmtest/node-npmtest-sql/node_modules/sql/runtests.js":{"path":"/home/travis/build/npmtest/node-npmtest-sql/node_modules/sql/runtests.js","s":{"1":1,"2":1,"3":1,"4":1,"5":1,"6":1,"7":1,"8":0,"9":1,"10":1,"11":1,"12":1,"13":0},"b":{"1":[0,1]},"f":{"1":0},"fnMap":{"1":{"name":"(anonymous_1)","line":16,"loc":{"start":{"line":16,"column":16},"end":{"line":16,"column":31}}}},"statementMap":{"1":{"start":{"line":1,"column":0},"end":{"line":1,"column":44}},"2":{"start":{"line":2,"column":0},"end":{"line":2,"column":27}},"3":{"start":{"line":4,"column":0},"end":{"line":4,"column":22}},"4":{"start":{"line":5,"column":0},"end":{"line":5,"column":22}},"5":{"start":{"line":7,"column":0},"end":{"line":9,"column":2}},"6":{"start":{"line":11,"column":0},"end":{"line":11,"column":62}},"7":{"start":{"line":12,"column":0},"end":{"line":12,"column":51}},"8":{"start":{"line":12,"column":33},"end":{"line":12,"column":51}},"9":{"start":{"line":13,"column":0},"end":{"line":13,"column":51}},"10":{"start":{"line":14,"column":0},"end":{"line":14,"column":32}},"11":{"start":{"line":15,"column":0},"end":{"line":15,"column":32}},"12":{"start":{"line":16,"column":0},"end":{"line":18,"column":3}},"13":{"start":{"line":17,"column":2},"end":{"line":17,"column":21}}},"branchMap":{"1":{"line":12,"type":"if","locations":[{"start":{"line":12,"column":0},"end":{"line":12,"column":0}},{"start":{"line":12,"column":0},"end":{"line":12,"column":0}}]}},"code":["var childProcess = require(\"child_process\");","var path = require(\"path\");","","var env = process.env;","env.NODE_ENV = \"test\";","","var options = {","  env: env","};","","var command = path.join(\".\", \"node_modules\", \".bin\", \"mocha\");","if (process.platform == \"win32\") command += \".cmd\";","var run = childProcess.spawn(command, [], options);","run.stdout.pipe(process.stdout);","run.stderr.pipe(process.stderr);","run.on('close', function(code) {","  process.exit(code);","});",""],"l":{"1":1,"2":1,"4":1,"5":1,"7":1,"11":1,"12":1,"13":1,"14":1,"15":1,"16":1,"17":0}}}